{"numFailedTestSuites":5,"numFailedTests":33,"numPassedTestSuites":5,"numPassedTests":229,"numPendingTestSuites":0,"numPendingTests":0,"numRuntimeErrorTestSuites":0,"numTodoTests":0,"numTotalTestSuites":10,"numTotalTests":262,"openHandles":[],"snapshot":{"added":0,"didUpdate":false,"failure":false,"filesAdded":0,"filesRemoved":0,"filesRemovedList":[],"filesUnmatched":0,"filesUpdated":0,"matched":0,"total":0,"unchecked":0,"uncheckedKeysByFile":[],"unmatched":0,"updated":0},"startTime":1771050819318,"success":false,"testResults":[{"assertionResults":[{"ancestorTitles":["Fabric Loader (Pattern Loader)","FAB-001: Pattern 验证与加载"],"duration":66,"failureDetails":[],"failureMessages":[],"fullName":"Fabric Loader (Pattern Loader) FAB-001: Pattern 验证与加载 TEST-FAB-001-01: 应成功加载有效的 Pattern","invocations":1,"location":null,"numPassingAsserts":3,"retryReasons":[],"status":"passed","title":"TEST-FAB-001-01: 应成功加载有效的 Pattern"},{"ancestorTitles":["Fabric Loader (Pattern Loader)","FAB-001: Pattern 验证与加载"],"duration":3,"failureDetails":[],"failureMessages":[],"fullName":"Fabric Loader (Pattern Loader) FAB-001: Pattern 验证与加载 TEST-FAB-001-02: 应验证 Pattern ID 不能为空","invocations":1,"location":null,"numPassingAsserts":2,"retryReasons":[],"status":"passed","title":"TEST-FAB-001-02: 应验证 Pattern ID 不能为空"},{"ancestorTitles":["Fabric Loader (Pattern Loader)","FAB-001: Pattern 验证与加载"],"duration":5,"failureDetails":[],"failureMessages":[],"fullName":"Fabric Loader (Pattern Loader) FAB-001: Pattern 验证与加载 TEST-FAB-001-03: 应验证 Pattern 名称不能为空","invocations":1,"location":null,"numPassingAsserts":2,"retryReasons":[],"status":"passed","title":"TEST-FAB-001-03: 应验证 Pattern 名称不能为空"},{"ancestorTitles":["Fabric Loader (Pattern Loader)","FAB-001: Pattern 验证与加载"],"duration":2,"failureDetails":[],"failureMessages":[],"fullName":"Fabric Loader (Pattern Loader) FAB-001: Pattern 验证与加载 TEST-FAB-001-04: 应验证 Pattern 类型不能为空","invocations":1,"location":null,"numPassingAsserts":2,"retryReasons":[],"status":"passed","title":"TEST-FAB-001-04: 应验证 Pattern 类型不能为空"},{"ancestorTitles":["Fabric Loader (Pattern Loader)","FAB-001: Pattern 验证与加载"],"duration":1,"failureDetails":[],"failureMessages":[],"fullName":"Fabric Loader (Pattern Loader) FAB-001: Pattern 验证与加载 TEST-FAB-001-05: 应验证模板不能为空","invocations":1,"location":null,"numPassingAsserts":2,"retryReasons":[],"status":"passed","title":"TEST-FAB-001-05: 应验证模板不能为空"},{"ancestorTitles":["Fabric Loader (Pattern Loader)","FAB-002: 依赖检查"],"duration":2,"failureDetails":[],"failureMessages":[],"fullName":"Fabric Loader (Pattern Loader) FAB-002: 依赖检查 TEST-FAB-002-01: 应先加载依赖 Pattern","invocations":1,"location":null,"numPassingAsserts":2,"retryReasons":[],"status":"passed","title":"TEST-FAB-002-01: 应先加载依赖 Pattern"},{"ancestorTitles":["Fabric Loader (Pattern Loader)","FAB-002: 依赖检查"],"duration":2,"failureDetails":[],"failureMessages":[],"fullName":"Fabric Loader (Pattern Loader) FAB-002: 依赖检查 TEST-FAB-002-02: 缺少依赖时应失败","invocations":1,"location":null,"numPassingAsserts":3,"retryReasons":[],"status":"passed","title":"TEST-FAB-002-02: 缺少依赖时应失败"},{"ancestorTitles":["Fabric Loader (Pattern Loader)","FAB-002: 依赖检查"],"duration":2,"failureDetails":[],"failureMessages":[],"fullName":"Fabric Loader (Pattern Loader) FAB-002: 依赖检查 TEST-FAB-002-03: loadMany 应批量加载多个 Pattern","invocations":1,"location":null,"numPassingAsserts":2,"retryReasons":[],"status":"passed","title":"TEST-FAB-002-03: loadMany 应批量加载多个 Pattern"},{"ancestorTitles":["Fabric Loader (Pattern Loader)","FAB-003: 模板渲染"],"duration":3,"failureDetails":[],"failureMessages":[],"fullName":"Fabric Loader (Pattern Loader) FAB-003: 模板渲染 TEST-FAB-003-01: 应正确渲染模板变量","invocations":1,"location":null,"numPassingAsserts":2,"retryReasons":[],"status":"passed","title":"TEST-FAB-003-01: 应正确渲染模板变量"},{"ancestorTitles":["Fabric Loader (Pattern Loader)","FAB-003: 模板渲染"],"duration":1,"failureDetails":[],"failureMessages":[],"fullName":"Fabric Loader (Pattern Loader) FAB-003: 模板渲染 TEST-FAB-003-02: 缺少必填变量时应失败","invocations":1,"location":null,"numPassingAsserts":2,"retryReasons":[],"status":"passed","title":"TEST-FAB-003-02: 缺少必填变量时应失败"},{"ancestorTitles":["Fabric Loader (Pattern Loader)","FAB-003: 模板渲染"],"duration":1,"failureDetails":[],"failureMessages":[],"fullName":"Fabric Loader (Pattern Loader) FAB-003: 模板渲染 TEST-FAB-003-03: 应支持直接传递 Pattern 对象渲染","invocations":1,"location":null,"numPassingAsserts":2,"retryReasons":[],"status":"passed","title":"TEST-FAB-003-03: 应支持直接传递 Pattern 对象渲染"},{"ancestorTitles":["Fabric Loader (Pattern Loader)","FAB-003: 模板渲染"],"duration":1,"failureDetails":[],"failureMessages":[],"fullName":"Fabric Loader (Pattern Loader) FAB-003: 模板渲染 TEST-FAB-003-04: 渲染不存在的 Pattern 应失败","invocations":1,"location":null,"numPassingAsserts":2,"retryReasons":[],"status":"passed","title":"TEST-FAB-003-04: 渲染不存在的 Pattern 应失败"},{"ancestorTitles":["Fabric Loader (Pattern Loader)","FAB-003: 模板渲染"],"duration":2,"failureDetails":[],"failureMessages":[],"fullName":"Fabric Loader (Pattern Loader) FAB-003: 模板渲染 TEST-FAB-003-05: 应支持异步加载并渲染","invocations":1,"location":null,"numPassingAsserts":2,"retryReasons":[],"status":"passed","title":"TEST-FAB-003-05: 应支持异步加载并渲染"},{"ancestorTitles":["Fabric Loader (Pattern Loader)","FAB-004: 变量默认值"],"duration":2,"failureDetails":[],"failureMessages":[],"fullName":"Fabric Loader (Pattern Loader) FAB-004: 变量默认值 TEST-FAB-004-01: 应使用提供的变量值","invocations":1,"location":null,"numPassingAsserts":2,"retryReasons":[],"status":"passed","title":"TEST-FAB-004-01: 应使用提供的变量值"},{"ancestorTitles":["Fabric Loader (Pattern Loader)","FAB-004: 变量默认值"],"duration":2,"failureDetails":[],"failureMessages":[],"fullName":"Fabric Loader (Pattern Loader) FAB-004: 变量默认值 TEST-FAB-004-02: 未提供值时应使用默认值","invocations":1,"location":null,"numPassingAsserts":2,"retryReasons":[],"status":"passed","title":"TEST-FAB-004-02: 未提供值时应使用默认值"},{"ancestorTitles":["Fabric Loader (Pattern Loader)","FAB-004: 变量默认值"],"duration":3,"failureDetails":[],"failureMessages":[],"fullName":"Fabric Loader (Pattern Loader) FAB-004: 变量默认值 TEST-FAB-004-03: 应返回使用的变量值","invocations":1,"location":null,"numPassingAsserts":2,"retryReasons":[],"status":"passed","title":"TEST-FAB-004-03: 应返回使用的变量值"},{"ancestorTitles":["Fabric Loader (Pattern Loader)","FAB-005: Token 估算与 Pattern 信息"],"duration":2,"failureDetails":[],"failureMessages":[],"fullName":"Fabric Loader (Pattern Loader) FAB-005: Token 估算与 Pattern 信息 TEST-FAB-005-01: 应正确估算 Token 数量","invocations":1,"location":null,"numPassingAsserts":1,"retryReasons":[],"status":"passed","title":"TEST-FAB-005-01: 应正确估算 Token 数量"},{"ancestorTitles":["Fabric Loader (Pattern Loader)","FAB-005: Token 估算与 Pattern 信息"],"duration":2,"failureDetails":[],"failureMessages":[],"fullName":"Fabric Loader (Pattern Loader) FAB-005: Token 估算与 Pattern 信息 TEST-FAB-005-02: 应返回已存在的 Pattern 信息","invocations":1,"location":null,"numPassingAsserts":5,"retryReasons":[],"status":"passed","title":"TEST-FAB-005-02: 应返回已存在的 Pattern 信息"},{"ancestorTitles":["Fabric Loader (Pattern Loader)","FAB-005: Token 估算与 Pattern 信息"],"duration":2,"failureDetails":[],"failureMessages":[],"fullName":"Fabric Loader (Pattern Loader) FAB-005: Token 估算与 Pattern 信息 TEST-FAB-005-03: 应返回不存在的 Pattern 信息","invocations":1,"location":null,"numPassingAsserts":3,"retryReasons":[],"status":"passed","title":"TEST-FAB-005-03: 应返回不存在的 Pattern 信息"},{"ancestorTitles":["Fabric Loader (Pattern Loader)","FAB-005: Token 估算与 Pattern 信息"],"duration":1,"failureDetails":[],"failureMessages":[],"fullName":"Fabric Loader (Pattern Loader) FAB-005: Token 估算与 Pattern 信息 TEST-FAB-005-04: Token 估算应随内容长度变化","invocations":1,"location":null,"numPassingAsserts":1,"retryReasons":[],"status":"passed","title":"TEST-FAB-005-04: Token 估算应随内容长度变化"},{"ancestorTitles":["Fabric Loader (Pattern Loader)","边界条件测试"],"duration":1,"failureDetails":[],"failureMessages":[],"fullName":"Fabric Loader (Pattern Loader) 边界条件测试 应处理空模板","invocations":1,"location":null,"numPassingAsserts":1,"retryReasons":[],"status":"passed","title":"应处理空模板"},{"ancestorTitles":["Fabric Loader (Pattern Loader)","边界条件测试"],"duration":1,"failureDetails":[],"failureMessages":[],"fullName":"Fabric Loader (Pattern Loader) 边界条件测试 应处理特殊字符模板","invocations":1,"location":null,"numPassingAsserts":2,"retryReasons":[],"status":"passed","title":"应处理特殊字符模板"},{"ancestorTitles":["Fabric Loader (Pattern Loader)","边界条件测试"],"duration":2,"failureDetails":[],"failureMessages":[],"fullName":"Fabric Loader (Pattern Loader) 边界条件测试 应处理嵌套变量","invocations":1,"location":null,"numPassingAsserts":2,"retryReasons":[],"status":"passed","title":"应处理嵌套变量"}],"endTime":1771050822327,"message":"","name":"F:\\Hajimi Code Ultra\\tests\\unit\\fabric-loader.test.ts","startTime":1771050820955,"status":"passed","summary":""},{"assertionResults":[{"ancestorTitles":["API Auth","API-001: 统一错误格式"],"duration":14,"failureDetails":[],"failureMessages":[],"fullName":"API Auth API-001: 统一错误格式 should create APIError with correct structure","invocations":1,"location":null,"numPassingAsserts":6,"retryReasons":[],"status":"passed","title":"should create APIError with correct structure"},{"ancestorTitles":["API Auth","API-001: 统一错误格式"],"duration":1,"failureDetails":[],"failureMessages":[],"fullName":"API Auth API-001: 统一错误格式 should convert APIError to JSON correctly","invocations":1,"location":null,"numPassingAsserts":6,"retryReasons":[],"status":"passed","title":"should convert APIError to JSON correctly"},{"ancestorTitles":["API Auth","API-001: 统一错误格式"],"duration":11,"failureDetails":[{"code":"ERR_INVALID_ARG_TYPE"}],"failureMessages":["TypeError: The first argument must be of type string or an instance of Buffer, ArrayBuffer, or Array or an Array-like Object. Received an instance of ReadableStream\n    at Buffer.from (node:buffer:331:9)\n    at Object.<anonymous> (F:\\Hajimi Code Ultra\\tests\\unit\\auth.test.ts:86:20)\n    at Promise.then.completed (F:\\Hajimi Code Ultra\\node_modules\\jest-circus\\build\\utils.js:298:28)\n    at new Promise (<anonymous>)\n    at callAsyncCircusFn (F:\\Hajimi Code Ultra\\node_modules\\jest-circus\\build\\utils.js:231:10)\n    at _callCircusTest (F:\\Hajimi Code Ultra\\node_modules\\jest-circus\\build\\run.js:316:40)\n    at processTicksAndRejections (node:internal/process/task_queues:103:5)\n    at _runTest (F:\\Hajimi Code Ultra\\node_modules\\jest-circus\\build\\run.js:252:3)\n    at _runTestsForDescribeBlock (F:\\Hajimi Code Ultra\\node_modules\\jest-circus\\build\\run.js:126:9)\n    at _runTestsForDescribeBlock (F:\\Hajimi Code Ultra\\node_modules\\jest-circus\\build\\run.js:121:9)\n    at _runTestsForDescribeBlock (F:\\Hajimi Code Ultra\\node_modules\\jest-circus\\build\\run.js:121:9)\n    at run (F:\\Hajimi Code Ultra\\node_modules\\jest-circus\\build\\run.js:71:3)\n    at runAndTransformResultsToJestFormat (F:\\Hajimi Code Ultra\\node_modules\\jest-circus\\build\\legacy-code-todo-rewrite\\jestAdapterInit.js:122:21)\n    at jestAdapter (F:\\Hajimi Code Ultra\\node_modules\\jest-circus\\build\\legacy-code-todo-rewrite\\jestAdapter.js:79:19)\n    at runTestInternal (F:\\Hajimi Code Ultra\\node_modules\\jest-runner\\build\\runTest.js:367:16)\n    at runTest (F:\\Hajimi Code Ultra\\node_modules\\jest-runner\\build\\runTest.js:444:34)\n    at Object.worker (F:\\Hajimi Code Ultra\\node_modules\\jest-runner\\build\\testWorker.js:106:12)"],"fullName":"API Auth API-001: 统一错误格式 should handle Zod validation errors","invocations":1,"location":null,"numPassingAsserts":0,"retryReasons":[],"status":"failed","title":"should handle Zod validation errors"},{"ancestorTitles":["API Auth","API-001: 统一错误格式"],"duration":9,"failureDetails":[],"failureMessages":[],"fullName":"API Auth API-001: 统一错误格式 should create success response with correct structure","invocations":1,"location":null,"numPassingAsserts":5,"retryReasons":[],"status":"passed","title":"should create success response with correct structure"},{"ancestorTitles":["API Auth","API-001: 统一错误格式"],"duration":1,"failureDetails":[],"failureMessages":[],"fullName":"API Auth API-001: 统一错误格式 should handle standard Error instances","invocations":1,"location":null,"numPassingAsserts":1,"retryReasons":[],"status":"passed","title":"should handle standard Error instances"},{"ancestorTitles":["API Auth","API-001: 统一错误格式"],"duration":0,"failureDetails":[],"failureMessages":[],"fullName":"API Auth API-001: 统一错误格式 should handle unknown errors","invocations":1,"location":null,"numPassingAsserts":1,"retryReasons":[],"status":"passed","title":"should handle unknown errors"},{"ancestorTitles":["API Auth","API-002: Token认证"],"duration":5,"failureDetails":[],"failureMessages":[],"fullName":"API Auth API-002: Token认证 should extract token from Authorization header","invocations":1,"location":null,"numPassingAsserts":1,"retryReasons":[],"status":"passed","title":"should extract token from Authorization header"},{"ancestorTitles":["API Auth","API-002: Token认证"],"duration":1,"failureDetails":[],"failureMessages":[],"fullName":"API Auth API-002: Token认证 should extract token from query parameter","invocations":1,"location":null,"numPassingAsserts":1,"retryReasons":[],"status":"passed","title":"should extract token from query parameter"},{"ancestorTitles":["API Auth","API-002: Token认证"],"duration":1,"failureDetails":[],"failureMessages":[],"fullName":"API Auth API-002: Token认证 should extract token from cookie","invocations":1,"location":null,"numPassingAsserts":1,"retryReasons":[],"status":"passed","title":"should extract token from cookie"},{"ancestorTitles":["API Auth","API-002: Token认证"],"duration":1,"failureDetails":[],"failureMessages":[],"fullName":"API Auth API-002: Token认证 should return null when no token is present","invocations":1,"location":null,"numPassingAsserts":1,"retryReasons":[],"status":"passed","title":"should return null when no token is present"},{"ancestorTitles":["API Auth","API-002: Token认证"],"duration":1,"failureDetails":[],"failureMessages":[],"fullName":"API Auth API-002: Token认证 should generate valid token","invocations":1,"location":null,"numPassingAsserts":4,"retryReasons":[],"status":"passed","title":"should generate valid token"},{"ancestorTitles":["API Auth","API-002: Token认证"],"duration":44,"failureDetails":[],"failureMessages":[],"fullName":"API Auth API-002: Token认证 should throw error for empty agent ID","invocations":1,"location":null,"numPassingAsserts":1,"retryReasons":[],"status":"passed","title":"should throw error for empty agent ID"},{"ancestorTitles":["API Auth","API-002: Token认证"],"duration":1,"failureDetails":[],"failureMessages":[],"fullName":"API Auth API-002: Token认证 should throw error for invalid role","invocations":1,"location":null,"numPassingAsserts":1,"retryReasons":[],"status":"passed","title":"should throw error for invalid role"},{"ancestorTitles":["API Auth","API-002: Token认证"],"duration":6,"failureDetails":[],"failureMessages":[],"fullName":"API Auth API-002: Token认证 should verify valid token","invocations":1,"location":null,"numPassingAsserts":4,"retryReasons":[],"status":"passed","title":"should verify valid token"},{"ancestorTitles":["API Auth","API-002: Token认证"],"duration":1,"failureDetails":[],"failureMessages":[],"fullName":"API Auth API-002: Token认证 should reject invalid token format","invocations":1,"location":null,"numPassingAsserts":1,"retryReasons":[],"status":"passed","title":"should reject invalid token format"},{"ancestorTitles":["API Auth","API-002: Token认证"],"duration":0,"failureDetails":[],"failureMessages":[],"fullName":"API Auth API-002: Token认证 should reject token with invalid role","invocations":1,"location":null,"numPassingAsserts":1,"retryReasons":[],"status":"passed","title":"should reject token with invalid role"},{"ancestorTitles":["API Auth","API-002: Token认证"],"duration":1,"failureDetails":[],"failureMessages":[],"fullName":"API Auth API-002: Token认证 should reject token with invalid timestamp","invocations":1,"location":null,"numPassingAsserts":1,"retryReasons":[],"status":"passed","title":"should reject token with invalid timestamp"},{"ancestorTitles":["API Auth","API-002: Token认证"],"duration":0,"failureDetails":[],"failureMessages":[],"fullName":"API Auth API-002: Token认证 should reject expired token","invocations":1,"location":null,"numPassingAsserts":1,"retryReasons":[],"status":"passed","title":"should reject expired token"},{"ancestorTitles":["API Auth","API-002: Token认证"],"duration":1,"failureDetails":[],"failureMessages":[],"fullName":"API Auth API-002: Token认证 should accept token within 24 hours","invocations":1,"location":null,"numPassingAsserts":2,"retryReasons":[],"status":"passed","title":"should accept token within 24 hours"},{"ancestorTitles":["API Auth","API-003: 角色权限拦截"],"duration":1,"failureDetails":[],"failureMessages":[],"fullName":"API Auth API-003: 角色权限拦截 should build correct auth context for PM","invocations":1,"location":null,"numPassingAsserts":4,"retryReasons":[],"status":"passed","title":"should build correct auth context for PM"},{"ancestorTitles":["API Auth","API-003: 角色权限拦截"],"duration":1,"failureDetails":[],"failureMessages":[],"fullName":"API Auth API-003: 角色权限拦截 should check permission correctly","invocations":1,"location":null,"numPassingAsserts":3,"retryReasons":[],"status":"passed","title":"should check permission correctly"},{"ancestorTitles":["API Auth","API-003: 角色权限拦截"],"duration":0,"failureDetails":[],"failureMessages":[],"fullName":"API Auth API-003: 角色权限拦截 should check role level correctly","invocations":1,"location":null,"numPassingAsserts":4,"retryReasons":[],"status":"passed","title":"should check role level correctly"},{"ancestorTitles":["API Auth","API-003: 角色权限拦截"],"duration":1,"failureDetails":[],"failureMessages":[],"fullName":"API Auth API-003: 角色权限拦截 should have correct role hierarchy","invocations":1,"location":null,"numPassingAsserts":6,"retryReasons":[],"status":"passed","title":"should have correct role hierarchy"},{"ancestorTitles":["API Auth","API-003: 角色权限拦截"],"duration":2,"failureDetails":[],"failureMessages":[],"fullName":"API Auth API-003: 角色权限拦截 should have correct permission mappings","invocations":1,"location":null,"numPassingAsserts":8,"retryReasons":[],"status":"passed","title":"should have correct permission mappings"},{"ancestorTitles":["API Auth","API-003: 角色权限拦截"],"duration":1,"failureDetails":[],"failureMessages":[],"fullName":"API Auth API-003: 角色权限拦截 should create requireRole config","invocations":1,"location":null,"numPassingAsserts":1,"retryReasons":[],"status":"passed","title":"should create requireRole config"},{"ancestorTitles":["API Auth","API-003: 角色权限拦截"],"duration":0,"failureDetails":[],"failureMessages":[],"fullName":"API Auth API-003: 角色权限拦截 should create requirePermission config","invocations":1,"location":null,"numPassingAsserts":1,"retryReasons":[],"status":"passed","title":"should create requirePermission config"},{"ancestorTitles":["API Auth","API-003: 角色权限拦截"],"duration":0,"failureDetails":[],"failureMessages":[],"fullName":"API Auth API-003: 角色权限拦截 should create requireMinLevel config","invocations":1,"location":null,"numPassingAsserts":1,"retryReasons":[],"status":"passed","title":"should create requireMinLevel config"},{"ancestorTitles":["API Auth","API-004: Zod请求验证"],"duration":1,"failureDetails":[],"failureMessages":[],"fullName":"API Auth API-004: Zod请求验证 should validate simple schema","invocations":1,"location":null,"numPassingAsserts":1,"retryReasons":[],"status":"passed","title":"should validate simple schema"},{"ancestorTitles":["API Auth","API-004: Zod请求验证"],"duration":1,"failureDetails":[],"failureMessages":[],"fullName":"API Auth API-004: Zod请求验证 should reject invalid data","invocations":1,"location":null,"numPassingAsserts":1,"retryReasons":[],"status":"passed","title":"should reject invalid data"},{"ancestorTitles":["API Auth","API-004: Zod请求验证"],"duration":2,"failureDetails":[],"failureMessages":[],"fullName":"API Auth API-004: Zod请求验证 should provide detailed validation errors","invocations":1,"location":null,"numPassingAsserts":4,"retryReasons":[],"status":"passed","title":"should provide detailed validation errors"},{"ancestorTitles":["API Auth","API-004: Zod请求验证"],"duration":1,"failureDetails":[],"failureMessages":[],"fullName":"API Auth API-004: Zod请求验证 should validate agent role enum","invocations":1,"location":null,"numPassingAsserts":2,"retryReasons":[],"status":"passed","title":"should validate agent role enum"},{"ancestorTitles":["API Auth","API-004: Zod请求验证"],"duration":2,"failureDetails":[],"failureMessages":[],"fullName":"API Auth API-004: Zod请求验证 should validate complex nested objects","invocations":1,"location":null,"numPassingAsserts":1,"retryReasons":[],"status":"passed","title":"should validate complex nested objects"},{"ancestorTitles":["API Auth","API-005: 错误代码分类"],"duration":1,"failureDetails":[],"failureMessages":[],"fullName":"API Auth API-005: 错误代码分类 should have correct common error codes","invocations":1,"location":null,"numPassingAsserts":6,"retryReasons":[],"status":"passed","title":"should have correct common error codes"},{"ancestorTitles":["API Auth","API-005: 错误代码分类"],"duration":0,"failureDetails":[],"failureMessages":[],"fullName":"API Auth API-005: 错误代码分类 should have correct A2A error codes","invocations":1,"location":null,"numPassingAsserts":4,"retryReasons":[],"status":"passed","title":"should have correct A2A error codes"},{"ancestorTitles":["API Auth","API-005: 错误代码分类"],"duration":1,"failureDetails":[],"failureMessages":[],"fullName":"API Auth API-005: 错误代码分类 should have correct state machine error codes","invocations":1,"location":null,"numPassingAsserts":2,"retryReasons":[],"status":"passed","title":"should have correct state machine error codes"},{"ancestorTitles":["API Auth","API-005: 错误代码分类"],"duration":1,"failureDetails":[],"failureMessages":[],"fullName":"API Auth API-005: 错误代码分类 should have correct governance error codes","invocations":1,"location":null,"numPassingAsserts":4,"retryReasons":[],"status":"passed","title":"should have correct governance error codes"},{"ancestorTitles":["API Auth","API-005: 错误代码分类"],"duration":0,"failureDetails":[],"failureMessages":[],"fullName":"API Auth API-005: 错误代码分类 should have correct storage error codes","invocations":1,"location":null,"numPassingAsserts":3,"retryReasons":[],"status":"passed","title":"should have correct storage error codes"},{"ancestorTitles":["API Auth","API-005: 错误代码分类"],"duration":0,"failureDetails":[],"failureMessages":[],"fullName":"API Auth API-005: 错误代码分类 should have correct error severity levels","invocations":1,"location":null,"numPassingAsserts":4,"retryReasons":[],"status":"passed","title":"should have correct error severity levels"},{"ancestorTitles":["API Auth","API-005: 错误代码分类"],"duration":1,"failureDetails":[],"failureMessages":[],"fullName":"API Auth API-005: 错误代码分类 should create not found error","invocations":1,"location":null,"numPassingAsserts":3,"retryReasons":[],"status":"passed","title":"should create not found error"},{"ancestorTitles":["API Auth","API-005: 错误代码分类"],"duration":0,"failureDetails":[],"failureMessages":[],"fullName":"API Auth API-005: 错误代码分类 should create unauthorized error","invocations":1,"location":null,"numPassingAsserts":3,"retryReasons":[],"status":"passed","title":"should create unauthorized error"},{"ancestorTitles":["API Auth","API-005: 错误代码分类"],"duration":1,"failureDetails":[],"failureMessages":[],"fullName":"API Auth API-005: 错误代码分类 should create forbidden error","invocations":1,"location":null,"numPassingAsserts":3,"retryReasons":[],"status":"passed","title":"should create forbidden error"},{"ancestorTitles":["API Auth","API-005: 错误代码分类"],"duration":0,"failureDetails":[],"failureMessages":[],"fullName":"API Auth API-005: 错误代码分类 should create validation error","invocations":1,"location":null,"numPassingAsserts":3,"retryReasons":[],"status":"passed","title":"should create validation error"},{"ancestorTitles":["API Auth","API-005: 错误代码分类"],"duration":1,"failureDetails":[],"failureMessages":[],"fullName":"API Auth API-005: 错误代码分类 should create internal error","invocations":1,"location":null,"numPassingAsserts":4,"retryReasons":[],"status":"passed","title":"should create internal error"},{"ancestorTitles":["API Auth","withAuth Middleware"],"duration":2,"failureDetails":[],"failureMessages":[],"fullName":"API Auth withAuth Middleware should reject request without token","invocations":1,"location":null,"numPassingAsserts":1,"retryReasons":[],"status":"passed","title":"should reject request without token"},{"ancestorTitles":["API Auth","withAuth Middleware"],"duration":1,"failureDetails":[],"failureMessages":[],"fullName":"API Auth withAuth Middleware should reject request with invalid token","invocations":1,"location":null,"numPassingAsserts":1,"retryReasons":[],"status":"passed","title":"should reject request with invalid token"},{"ancestorTitles":["API Auth","withAuth Middleware"],"duration":1,"failureDetails":[],"failureMessages":[],"fullName":"API Auth withAuth Middleware should reject request with disallowed role","invocations":1,"location":null,"numPassingAsserts":1,"retryReasons":[],"status":"passed","title":"should reject request with disallowed role"},{"ancestorTitles":["API Auth","withAuth Middleware"],"duration":1,"failureDetails":[],"failureMessages":[],"fullName":"API Auth withAuth Middleware should reject request with insufficient permissions","invocations":1,"location":null,"numPassingAsserts":1,"retryReasons":[],"status":"passed","title":"should reject request with insufficient permissions"},{"ancestorTitles":["API Auth","withAuth Middleware"],"duration":1,"failureDetails":[],"failureMessages":[],"fullName":"API Auth withAuth Middleware should reject request with insufficient level","invocations":1,"location":null,"numPassingAsserts":1,"retryReasons":[],"status":"passed","title":"should reject request with insufficient level"},{"ancestorTitles":["API Auth","withAuth Middleware"],"duration":1,"failureDetails":[],"failureMessages":[],"fullName":"API Auth withAuth Middleware should allow request with valid token and permissions","invocations":1,"location":null,"numPassingAsserts":1,"retryReasons":[],"status":"passed","title":"should allow request with valid token and permissions"},{"ancestorTitles":["API Auth","withOptionalAuth Middleware"],"duration":1,"failureDetails":[],"failureMessages":[],"fullName":"API Auth withOptionalAuth Middleware should allow request without token","invocations":1,"location":null,"numPassingAsserts":2,"retryReasons":[],"status":"passed","title":"should allow request without token"},{"ancestorTitles":["API Auth","withOptionalAuth Middleware"],"duration":1,"failureDetails":[],"failureMessages":[],"fullName":"API Auth withOptionalAuth Middleware should provide auth context when token is valid","invocations":1,"location":null,"numPassingAsserts":3,"retryReasons":[],"status":"passed","title":"should provide auth context when token is valid"},{"ancestorTitles":["API Auth","withOptionalAuth Middleware"],"duration":1,"failureDetails":[],"failureMessages":[],"fullName":"API Auth withOptionalAuth Middleware should handle invalid token gracefully","invocations":1,"location":null,"numPassingAsserts":2,"retryReasons":[],"status":"passed","title":"should handle invalid token gracefully"}],"endTime":1771050822474,"message":"  ● API Auth › API-001: 统一错误格式 › should handle Zod validation errors\n\n    TypeError: The first argument must be of type string or an instance of Buffer, ArrayBuffer, or Array or an Array-like Object. Received an instance of ReadableStream\n\n    \u001b[0m \u001b[90m 84 |\u001b[39m           \u001b[90m// 解析 JSON 响应体\u001b[39m\n     \u001b[90m 85 |\u001b[39m           \u001b[36mconst\u001b[39m body \u001b[33m=\u001b[39m \u001b[33mJSON\u001b[39m\u001b[33m.\u001b[39mparse(\n    \u001b[31m\u001b[1m>\u001b[22m\u001b[39m\u001b[90m 86 |\u001b[39m             \u001b[33mBuffer\u001b[39m\u001b[33m.\u001b[39m\u001b[36mfrom\u001b[39m(response\u001b[33m.\u001b[39mbody \u001b[36mas\u001b[39m unknown \u001b[36mas\u001b[39m \u001b[33mArrayBuffer\u001b[39m)\u001b[33m.\u001b[39mtoString()\n     \u001b[90m    |\u001b[39m                    \u001b[31m\u001b[1m^\u001b[22m\u001b[39m\n     \u001b[90m 87 |\u001b[39m           )\u001b[33m;\u001b[39m\n     \u001b[90m 88 |\u001b[39m\n     \u001b[90m 89 |\u001b[39m           expect(response\u001b[33m.\u001b[39mstatus)\u001b[33m.\u001b[39mtoBe(\u001b[35m400\u001b[39m)\u001b[33m;\u001b[39m\u001b[0m\n\n      at Object.<anonymous> (tests/unit/auth.test.ts:86:20)\n","name":"F:\\Hajimi Code Ultra\\tests\\unit\\auth.test.ts","startTime":1771050820943,"status":"failed","summary":""},{"assertionResults":[{"ancestorTitles":["Fabric 角色装备验证 - 工单 B-06/09","FAB-001: Pattern JSON解析"],"duration":86,"failureDetails":[],"failureMessages":[],"fullName":"Fabric 角色装备验证 - 工单 B-06/09 FAB-001: Pattern JSON解析 FAB-001-01: 每个角色装备可正确加载","invocations":1,"location":null,"numPassingAsserts":8,"retryReasons":[],"status":"passed","title":"FAB-001-01: 每个角色装备可正确加载"},{"ancestorTitles":["Fabric 角色装备验证 - 工单 B-06/09","FAB-001: Pattern JSON解析"],"duration":18,"failureDetails":[],"failureMessages":[],"fullName":"Fabric 角色装备验证 - 工单 B-06/09 FAB-001: Pattern JSON解析 FAB-001-02: Pattern结构完整（id, type, name, version, template, variables, config）","invocations":1,"location":null,"numPassingAsserts":126,"retryReasons":[],"status":"passed","title":"FAB-001-02: Pattern结构完整（id, type, name, version, template, variables, config）"},{"ancestorTitles":["Fabric 角色装备验证 - 工单 B-06/09","FAB-001: Pattern JSON解析"],"duration":21,"failureDetails":[],"failureMessages":[],"fullName":"Fabric 角色装备验证 - 工单 B-06/09 FAB-001: Pattern JSON解析 FAB-001-03: 变量定义正确解析","invocations":1,"location":null,"numPassingAsserts":231,"retryReasons":[],"status":"passed","title":"FAB-001-03: 变量定义正确解析"},{"ancestorTitles":["Fabric 角色装备验证 - 工单 B-06/09","FAB-001: Pattern JSON解析"],"duration":4,"failureDetails":[],"failureMessages":[],"fullName":"Fabric 角色装备验证 - 工单 B-06/09 FAB-001: Pattern JSON解析 FAB-001-04: 依赖关系正确解析","invocations":1,"location":null,"numPassingAsserts":21,"retryReasons":[],"status":"passed","title":"FAB-001-04: 依赖关系正确解析"},{"ancestorTitles":["Fabric 角色装备验证 - 工单 B-06/09","FAB-001: Pattern JSON解析"],"duration":10,"failureDetails":[],"failureMessages":[],"fullName":"Fabric 角色装备验证 - 工单 B-06/09 FAB-001: Pattern JSON解析 FAB-001-05: 配置对象结构正确","invocations":1,"location":null,"numPassingAsserts":84,"retryReasons":[],"status":"passed","title":"FAB-001-05: 配置对象结构正确"},{"ancestorTitles":["Fabric 角色装备验证 - 工单 B-06/09","FAB-001: Pattern JSON解析"],"duration":30,"failureDetails":[],"failureMessages":[],"fullName":"Fabric 角色装备验证 - 工单 B-06/09 FAB-001: Pattern JSON解析 FAB-001-06: 批量加载功能正常","invocations":1,"location":null,"numPassingAsserts":15,"retryReasons":[],"status":"passed","title":"FAB-001-06: 批量加载功能正常"},{"ancestorTitles":["Fabric 角色装备验证 - 工单 B-06/09","FAB-002: Token限制验证"],"duration":3,"failureDetails":[],"failureMessages":[],"fullName":"Fabric 角色装备验证 - 工单 B-06/09 FAB-002: Token限制验证 FAB-002-01: PM角色(Soyorin) Token限制为2000","invocations":1,"location":null,"numPassingAsserts":3,"retryReasons":[],"status":"passed","title":"FAB-002-01: PM角色(Soyorin) Token限制为2000"},{"ancestorTitles":["Fabric 角色装备验证 - 工单 B-06/09","FAB-002: Token限制验证"],"duration":2,"failureDetails":[],"failureMessages":[],"fullName":"Fabric 角色装备验证 - 工单 B-06/09 FAB-002: Token限制验证 FAB-002-02: 架构师角色(CucumberMu) Token限制为2000","invocations":1,"location":null,"numPassingAsserts":3,"retryReasons":[],"status":"passed","title":"FAB-002-02: 架构师角色(CucumberMu) Token限制为2000"},{"ancestorTitles":["Fabric 角色装备验证 - 工单 B-06/09","FAB-002: Token限制验证"],"duration":1,"failureDetails":[],"failureMessages":[],"fullName":"Fabric 角色装备验证 - 工单 B-06/09 FAB-002: Token限制验证 FAB-002-03: 工程师角色(TangYin) Token限制为2000","invocations":1,"location":null,"numPassingAsserts":3,"retryReasons":[],"status":"passed","title":"FAB-002-03: 工程师角色(TangYin) Token限制为2000"},{"ancestorTitles":["Fabric 角色装备验证 - 工单 B-06/09","FAB-002: Token限制验证"],"duration":1,"failureDetails":[],"failureMessages":[],"fullName":"Fabric 角色装备验证 - 工单 B-06/09 FAB-002: Token限制验证 FAB-002-04: QA角色 Token限制为1500","invocations":1,"location":null,"numPassingAsserts":6,"retryReasons":[],"status":"passed","title":"FAB-002-04: QA角色 Token限制为1500"},{"ancestorTitles":["Fabric 角色装备验证 - 工单 B-06/09","FAB-002: Token限制验证"],"duration":2,"failureDetails":[],"failureMessages":[],"fullName":"Fabric 角色装备验证 - 工单 B-06/09 FAB-002: Token限制验证 FAB-002-05: 客服和审计角色 Token限制为1500","invocations":1,"location":null,"numPassingAsserts":6,"retryReasons":[],"status":"passed","title":"FAB-002-05: 客服和审计角色 Token限制为1500"},{"ancestorTitles":["Fabric 角色装备验证 - 工单 B-06/09","FAB-002: Token限制验证"],"duration":2,"failureDetails":[],"failureMessages":[],"fullName":"Fabric 角色装备验证 - 工单 B-06/09 FAB-002: Token限制验证 FAB-002-06: 压缩比率配置正确（0.25）","invocations":1,"location":null,"numPassingAsserts":7,"retryReasons":[],"status":"passed","title":"FAB-002-06: 压缩比率配置正确（0.25）"},{"ancestorTitles":["Fabric 角色装备验证 - 工单 B-06/09","FAB-002: Token限制验证"],"duration":2,"failureDetails":[],"failureMessages":[],"fullName":"Fabric 角色装备验证 - 工单 B-06/09 FAB-002: Token限制验证 FAB-002-07: TTL配置正确（3600000ms）","invocations":1,"location":null,"numPassingAsserts":7,"retryReasons":[],"status":"passed","title":"FAB-002-07: TTL配置正确（3600000ms）"},{"ancestorTitles":["Fabric 角色装备验证 - 工单 B-06/09","FAB-002: Token限制验证"],"duration":3,"failureDetails":[],"failureMessages":[],"fullName":"Fabric 角色装备验证 - 工单 B-06/09 FAB-002: Token限制验证 FAB-002-08: Token估算功能正常工作","invocations":1,"location":null,"numPassingAsserts":14,"retryReasons":[],"status":"passed","title":"FAB-002-08: Token估算功能正常工作"},{"ancestorTitles":["Fabric 角色装备验证 - 工单 B-06/09","FAB-003: 角色上下文切换"],"duration":10,"failureDetails":[],"failureMessages":[],"fullName":"Fabric 角色装备验证 - 工单 B-06/09 FAB-003: 角色上下文切换 FAB-003-01: Pattern渲染器正常工作","invocations":1,"location":null,"numPassingAsserts":4,"retryReasons":[],"status":"passed","title":"FAB-003-01: Pattern渲染器正常工作"},{"ancestorTitles":["Fabric 角色装备验证 - 工单 B-06/09","FAB-003: 角色上下文切换"],"duration":4,"failureDetails":[],"failureMessages":[],"fullName":"Fabric 角色装备验证 - 工单 B-06/09 FAB-003: 角色上下文切换 FAB-003-02: 变量插值正确","invocations":1,"location":null,"numPassingAsserts":3,"retryReasons":[],"status":"passed","title":"FAB-003-02: 变量插值正确"},{"ancestorTitles":["Fabric 角色装备验证 - 工单 B-06/09","FAB-003: 角色上下文切换"],"duration":8,"failureDetails":[],"failureMessages":[],"fullName":"Fabric 角色装备验证 - 工单 B-06/09 FAB-003: 角色上下文切换 FAB-003-03: 变量默认值生效","invocations":1,"location":null,"numPassingAsserts":3,"retryReasons":[],"status":"passed","title":"FAB-003-03: 变量默认值生效"},{"ancestorTitles":["Fabric 角色装备验证 - 工单 B-06/09","FAB-003: 角色上下文切换"],"duration":4,"failureDetails":[],"failureMessages":[],"fullName":"Fabric 角色装备验证 - 工单 B-06/09 FAB-003: 角色上下文切换 FAB-003-04: 必填变量缺失时返回错误","invocations":1,"location":null,"numPassingAsserts":3,"retryReasons":[],"status":"passed","title":"FAB-003-04: 必填变量缺失时返回错误"},{"ancestorTitles":["Fabric 角色装备验证 - 工单 B-06/09","FAB-003: 角色上下文切换"],"duration":6,"failureDetails":[],"failureMessages":[],"fullName":"Fabric 角色装备验证 - 工单 B-06/09 FAB-003: 角色上下文切换 FAB-003-05: 角色切换时上下文隔离","invocations":1,"location":null,"numPassingAsserts":7,"retryReasons":[],"status":"passed","title":"FAB-003-05: 角色切换时上下文隔离"},{"ancestorTitles":["Fabric 角色装备验证 - 工单 B-06/09","FAB-003: 角色上下文切换"],"duration":4,"failureDetails":[],"failureMessages":[],"fullName":"Fabric 角色装备验证 - 工单 B-06/09 FAB-003: 角色上下文切换 FAB-003-06: 从注册表加载并渲染","invocations":1,"location":null,"numPassingAsserts":2,"retryReasons":[],"status":"passed","title":"FAB-003-06: 从注册表加载并渲染"},{"ancestorTitles":["Fabric 角色装备验证 - 工单 B-06/09","FAB-003: 角色上下文切换"],"duration":4,"failureDetails":[],"failureMessages":[],"fullName":"Fabric 角色装备验证 - 工单 B-06/09 FAB-003: 角色上下文切换 FAB-003-07: 不存在的Pattern返回错误","invocations":1,"location":null,"numPassingAsserts":2,"retryReasons":[],"status":"passed","title":"FAB-003-07: 不存在的Pattern返回错误"},{"ancestorTitles":["Fabric 角色装备验证 - 工单 B-06/09","FAB-003: 角色上下文切换"],"duration":7,"failureDetails":[],"failureMessages":[],"fullName":"Fabric 角色装备验证 - 工单 B-06/09 FAB-003: 角色上下文切换 FAB-003-08: getPatternInfo返回正确信息","invocations":1,"location":null,"numPassingAsserts":4,"retryReasons":[],"status":"passed","title":"FAB-003-08: getPatternInfo返回正确信息"},{"ancestorTitles":["Fabric 角色装备验证 - 工单 B-06/09","FAB-003: 角色上下文切换"],"duration":5,"failureDetails":[],"failureMessages":[],"fullName":"Fabric 角色装备验证 - 工单 B-06/09 FAB-003: 角色上下文切换 FAB-003-09: 缓存机制正常工作","invocations":1,"location":null,"numPassingAsserts":7,"retryReasons":[],"status":"passed","title":"FAB-003-09: 缓存机制正常工作"},{"ancestorTitles":["Fabric 角色装备验证 - 工单 B-06/09","验证报告: 所有角色装备验证"],"duration":10,"failureDetails":[],"failureMessages":[],"fullName":"Fabric 角色装备验证 - 工单 B-06/09 验证报告: 所有角色装备验证 生成完整的验证报告","invocations":1,"location":null,"numPassingAsserts":28,"retryReasons":[],"status":"passed","title":"生成完整的验证报告"},{"ancestorTitles":["Fabric 角色装备验证 - 工单 B-06/09","验证报告: 所有角色装备验证"],"duration":11,"failureDetails":[],"failureMessages":[],"fullName":"Fabric 角色装备验证 - 工单 B-06/09 验证报告: 所有角色装备验证 统计信息正确","invocations":1,"location":null,"numPassingAsserts":9,"retryReasons":[],"status":"passed","title":"统计信息正确"},{"ancestorTitles":["Fabric 角色装备验证 - 工单 B-06/09","验证报告: 所有角色装备验证"],"duration":5,"failureDetails":[],"failureMessages":[],"fullName":"Fabric 角色装备验证 - 工单 B-06/09 验证报告: 所有角色装备验证 各角色类型统计","invocations":1,"location":null,"numPassingAsserts":2,"retryReasons":[],"status":"passed","title":"各角色类型统计"},{"ancestorTitles":["测试覆盖统计"],"duration":3,"failureDetails":[],"failureMessages":[],"fullName":"测试覆盖统计 测试覆盖统计报告","invocations":1,"location":null,"numPassingAsserts":1,"retryReasons":[],"status":"passed","title":"测试覆盖统计报告"}],"endTime":1771050822483,"message":"","name":"F:\\Hajimi Code Ultra\\tests\\unit\\fabric-roles-validation.test.ts","startTime":1771050820939,"status":"passed","summary":""},{"assertionResults":[{"ancestorTitles":["A2A","A2A-001: 发送消息"],"duration":58,"failureDetails":[],"failureMessages":[],"fullName":"A2A A2A-001: 发送消息 should send a message successfully and return complete message object","invocations":1,"location":null,"numPassingAsserts":8,"retryReasons":[],"status":"passed","title":"should send a message successfully and return complete message object"},{"ancestorTitles":["A2A","A2A-001: 发送消息"],"duration":2,"failureDetails":[],"failureMessages":[],"fullName":"A2A A2A-001: 发送消息 should persist message to TSA correctly","invocations":1,"location":null,"numPassingAsserts":2,"retryReasons":[],"status":"passed","title":"should persist message to TSA correctly"},{"ancestorTitles":["A2A","A2A-001: 发送消息"],"duration":3,"failureDetails":[],"failureMessages":[],"fullName":"A2A A2A-001: 发送消息 should generate correct message ID and timestamp","invocations":1,"location":null,"numPassingAsserts":3,"retryReasons":[],"status":"passed","title":"should generate correct message ID and timestamp"},{"ancestorTitles":["A2A","A2A-001: 发送消息"],"duration":34,"failureDetails":[],"failureMessages":[],"fullName":"A2A A2A-001: 发送消息 should return error when TSA persistence fails","invocations":1,"location":null,"numPassingAsserts":1,"retryReasons":[],"status":"passed","title":"should return error when TSA persistence fails"},{"ancestorTitles":["A2A","A2A-001: 发送消息"],"duration":2,"failureDetails":[],"failureMessages":[],"fullName":"A2A A2A-001: 发送消息 should generate unique message IDs","invocations":1,"location":null,"numPassingAsserts":1,"retryReasons":[],"status":"passed","title":"should generate unique message IDs"},{"ancestorTitles":["A2A","A2A-001: 发送消息"],"duration":1,"failureDetails":[],"failureMessages":[],"fullName":"A2A A2A-001: 发送消息 should generate unique session ID when not provided","invocations":1,"location":null,"numPassingAsserts":2,"retryReasons":[],"status":"passed","title":"should generate unique session ID when not provided"},{"ancestorTitles":["A2A","A2A-001: 发送消息"],"duration":1,"failureDetails":[],"failureMessages":[],"fullName":"A2A A2A-001: 发送消息 should use provided session ID","invocations":1,"location":null,"numPassingAsserts":1,"retryReasons":[],"status":"passed","title":"should use provided session ID"},{"ancestorTitles":["A2A","A2A-001: 发送消息"],"duration":2,"failureDetails":[],"failureMessages":[],"fullName":"A2A A2A-001: 发送消息 should support different message types","invocations":1,"location":null,"numPassingAsserts":4,"retryReasons":[],"status":"passed","title":"should support different message types"},{"ancestorTitles":["A2A","A2A-001: 发送消息"],"duration":7,"failureDetails":[],"failureMessages":[],"fullName":"A2A A2A-001: 发送消息 should default to chat type when not specified","invocations":1,"location":null,"numPassingAsserts":1,"retryReasons":[],"status":"passed","title":"should default to chat type when not specified"},{"ancestorTitles":["A2A","A2A-001: 发送消息"],"duration":2,"failureDetails":[],"failureMessages":[],"fullName":"A2A A2A-001: 发送消息 should store message metadata","invocations":1,"location":null,"numPassingAsserts":1,"retryReasons":[],"status":"passed","title":"should store message metadata"},{"ancestorTitles":["A2A","A2A-002: 消息历史查询"],"duration":2,"failureDetails":[],"failureMessages":[],"fullName":"A2A A2A-002: 消息历史查询 should retrieve message history with pagination","invocations":1,"location":null,"numPassingAsserts":2,"retryReasons":[],"status":"passed","title":"should retrieve message history with pagination"},{"ancestorTitles":["A2A","A2A-002: 消息历史查询"],"duration":1,"failureDetails":[],"failureMessages":[],"fullName":"A2A A2A-002: 消息历史查询 should support pagination with page and pageSize parameters","invocations":1,"location":null,"numPassingAsserts":6,"retryReasons":[],"status":"passed","title":"should support pagination with page and pageSize parameters"},{"ancestorTitles":["A2A","A2A-002: 消息历史查询"],"duration":4,"failureDetails":[],"failureMessages":[],"fullName":"A2A A2A-002: 消息历史查询 should sort messages in descending order by timestamp (default)","invocations":1,"location":null,"numPassingAsserts":3,"retryReasons":[],"status":"passed","title":"should sort messages in descending order by timestamp (default)"},{"ancestorTitles":["A2A","A2A-002: 消息历史查询"],"duration":4,"failureDetails":[],"failureMessages":[],"fullName":"A2A A2A-002: 消息历史查询 should sort messages in ascending order by timestamp","invocations":1,"location":null,"numPassingAsserts":3,"retryReasons":[],"status":"passed","title":"should sort messages in ascending order by timestamp"},{"ancestorTitles":["A2A","A2A-002: 消息历史查询"],"duration":13,"failureDetails":[],"failureMessages":[],"fullName":"A2A A2A-002: 消息历史查询 should return correct hasNext and hasPrev flags for pagination","invocations":1,"location":null,"numPassingAsserts":6,"retryReasons":[],"status":"passed","title":"should return correct hasNext and hasPrev flags for pagination"},{"ancestorTitles":["A2A","A2A-002: 消息历史查询"],"duration":4,"failureDetails":[],"failureMessages":[],"fullName":"A2A A2A-002: 消息历史查询 should handle empty results gracefully","invocations":1,"location":null,"numPassingAsserts":5,"retryReasons":[],"status":"passed","title":"should handle empty results gracefully"},{"ancestorTitles":["A2A","A2A-002: 消息历史查询"],"duration":2,"failureDetails":[],"failureMessages":[],"fullName":"A2A A2A-002: 消息历史查询 should retrieve specific message by ID","invocations":1,"location":null,"numPassingAsserts":3,"retryReasons":[],"status":"passed","title":"should retrieve specific message by ID"},{"ancestorTitles":["A2A","A2A-002: 消息历史查询"],"duration":2,"failureDetails":[],"failureMessages":[],"fullName":"A2A A2A-002: 消息历史查询 should return null for non-existent message","invocations":1,"location":null,"numPassingAsserts":1,"retryReasons":[],"status":"passed","title":"should return null for non-existent message"},{"ancestorTitles":["A2A","A2A-003: SecondMe适配"],"duration":1,"failureDetails":[],"failureMessages":[],"fullName":"A2A A2A-003: SecondMe适配 should identify SecondMe Agent ID with secondme: prefix","invocations":1,"location":null,"numPassingAsserts":2,"retryReasons":[],"status":"passed","title":"should identify SecondMe Agent ID with secondme: prefix"},{"ancestorTitles":["A2A","A2A-003: SecondMe适配"],"duration":2,"failureDetails":[],"failureMessages":[],"fullName":"A2A A2A-003: SecondMe适配 should call adapter chat method with correct parameters","invocations":1,"location":null,"numPassingAsserts":2,"retryReasons":[],"status":"passed","title":"should call adapter chat method with correct parameters"},{"ancestorTitles":["A2A","A2A-003: SecondMe适配"],"duration":3,"failureDetails":[],"failureMessages":[],"fullName":"A2A A2A-003: SecondMe适配 should handle adapter response correctly","invocations":1,"location":null,"numPassingAsserts":6,"retryReasons":[],"status":"passed","title":"should handle adapter response correctly"},{"ancestorTitles":["A2A","A2A-003: SecondMe适配"],"duration":3,"failureDetails":[],"failureMessages":[],"fullName":"A2A A2A-003: SecondMe适配 should handle adapter error gracefully","invocations":1,"location":null,"numPassingAsserts":1,"retryReasons":[],"status":"passed","title":"should handle adapter error gracefully"},{"ancestorTitles":["A2A","A2A-003: SecondMe适配"],"duration":2,"failureDetails":[],"failureMessages":[],"fullName":"A2A A2A-003: SecondMe适配 should complete chat successfully","invocations":1,"location":null,"numPassingAsserts":7,"retryReasons":[],"status":"passed","title":"should complete chat successfully"},{"ancestorTitles":["A2A","A2A-003: SecondMe适配"],"duration":1,"failureDetails":[],"failureMessages":[],"fullName":"A2A A2A-003: SecondMe适配 should return assistant message","invocations":1,"location":null,"numPassingAsserts":3,"retryReasons":[],"status":"passed","title":"should return assistant message"},{"ancestorTitles":["A2A","A2A-003: SecondMe适配"],"duration":1,"failureDetails":[],"failureMessages":[],"fullName":"A2A A2A-003: SecondMe适配 should pass health check","invocations":1,"location":null,"numPassingAsserts":1,"retryReasons":[],"status":"passed","title":"should pass health check"},{"ancestorTitles":["A2A","A2A-003: SecondMe适配"],"duration":2,"failureDetails":[],"failureMessages":[],"fullName":"A2A A2A-003: SecondMe适配 should support chat completion with message history","invocations":1,"location":null,"numPassingAsserts":3,"retryReasons":[],"status":"passed","title":"should support chat completion with message history"},{"ancestorTitles":["A2A","A2A-004: 流式消息发送"],"duration":126,"failureDetails":[],"failureMessages":[],"fullName":"A2A A2A-004: 流式消息发送 should trigger streaming message sending","invocations":1,"location":null,"numPassingAsserts":3,"retryReasons":[],"status":"passed","title":"should trigger streaming message sending"},{"ancestorTitles":["A2A","A2A-004: 流式消息发送"],"duration":63,"failureDetails":[],"failureMessages":[],"fullName":"A2A A2A-004: 流式消息发送 should call onChunk callback with correct parameters","invocations":1,"location":null,"numPassingAsserts":5,"retryReasons":[],"status":"passed","title":"should call onChunk callback with correct parameters"},{"ancestorTitles":["A2A","A2A-004: 流式消息发送"],"duration":125,"failureDetails":[],"failureMessages":[],"fullName":"A2A A2A-004: 流式消息发送 should have final chunk with done=true and correct messageId","invocations":1,"location":null,"numPassingAsserts":2,"retryReasons":[],"status":"passed","title":"should have final chunk with done=true and correct messageId"},{"ancestorTitles":["A2A","A2A-004: 流式消息发送"],"duration":248,"failureDetails":[],"failureMessages":[],"fullName":"A2A A2A-004: 流式消息发送 should stream content in chunks correctly","invocations":1,"location":null,"numPassingAsserts":4,"retryReasons":[],"status":"passed","title":"should stream content in chunks correctly"},{"ancestorTitles":["A2A","A2A-004: 流式消息发送"],"duration":1,"failureDetails":[],"failureMessages":[],"fullName":"A2A A2A-004: 流式消息发送 should support SecondMe stream chat","invocations":1,"location":null,"numPassingAsserts":3,"retryReasons":[],"status":"passed","title":"should support SecondMe stream chat"},{"ancestorTitles":["A2A","A2A-004: 流式消息发送"],"duration":2,"failureDetails":[],"failureMessages":[],"fullName":"A2A A2A-004: 流式消息发送 should reconstruct full content from stream chunks","invocations":1,"location":null,"numPassingAsserts":1,"retryReasons":[],"status":"passed","title":"should reconstruct full content from stream chunks"},{"ancestorTitles":["A2A","Message Subscription"],"duration":1,"failureDetails":[],"failureMessages":[],"fullName":"A2A Message Subscription should notify subscribers when message is sent","invocations":1,"location":null,"numPassingAsserts":2,"retryReasons":[],"status":"passed","title":"should notify subscribers when message is sent"},{"ancestorTitles":["A2A","Message Subscription"],"duration":1,"failureDetails":[],"failureMessages":[],"fullName":"A2A Message Subscription should allow unsubscribe","invocations":1,"location":null,"numPassingAsserts":1,"retryReasons":[],"status":"passed","title":"should allow unsubscribe"}],"endTime":1771050822964,"message":"","name":"F:\\Hajimi Code Ultra\\tests\\unit\\a2a.test.ts","startTime":1771050820949,"status":"passed","summary":""},{"assertionResults":[{"ancestorTitles":["StateMachine","STM-001: 获取当前状态"],"duration":4204,"failureDetails":[],"failureMessages":[],"fullName":"StateMachine STM-001: 获取当前状态 should return current state and history","invocations":1,"location":null,"numPassingAsserts":5,"retryReasons":[],"status":"passed","title":"should return current state and history"},{"ancestorTitles":["StateMachine","STM-002: 合法流转IDLE→DESIGN"],"duration":16,"failureDetails":[],"failureMessages":[],"fullName":"StateMachine STM-002: 合法流转IDLE→DESIGN should allow IDLE to DESIGN transition by pm","invocations":1,"location":null,"numPassingAsserts":4,"retryReasons":[],"status":"passed","title":"should allow IDLE to DESIGN transition by pm"},{"ancestorTitles":["StateMachine","STM-002: 合法流转IDLE→DESIGN"],"duration":14,"failureDetails":[],"failureMessages":[],"fullName":"StateMachine STM-002: 合法流转IDLE→DESIGN should allow IDLE to DESIGN transition by arch","invocations":1,"location":null,"numPassingAsserts":2,"retryReasons":[],"status":"passed","title":"should allow IDLE to DESIGN transition by arch"},{"ancestorTitles":["StateMachine","STM-003: 合法流转DESIGN→CODE"],"duration":20,"failureDetails":[],"failureMessages":[],"fullName":"StateMachine STM-003: 合法流转DESIGN→CODE should allow DESIGN to CODE transition by engineer","invocations":1,"location":null,"numPassingAsserts":3,"retryReasons":[],"status":"passed","title":"should allow DESIGN to CODE transition by engineer"},{"ancestorTitles":["StateMachine","STM-003: 合法流转DESIGN→CODE"],"duration":17,"failureDetails":[],"failureMessages":[],"fullName":"StateMachine STM-003: 合法流转DESIGN→CODE should allow DESIGN to CODE transition by arch","invocations":1,"location":null,"numPassingAsserts":1,"retryReasons":[],"status":"passed","title":"should allow DESIGN to CODE transition by arch"},{"ancestorTitles":["StateMachine","STM-004: 非法流转被拒绝"],"duration":10,"failureDetails":[],"failureMessages":[],"fullName":"StateMachine STM-004: 非法流转被拒绝 should reject IDLE to DEPLOY transition","invocations":1,"location":null,"numPassingAsserts":2,"retryReasons":[],"status":"passed","title":"should reject IDLE to DEPLOY transition"},{"ancestorTitles":["StateMachine","STM-004: 非法流转被拒绝"],"duration":42,"failureDetails":[],"failureMessages":[],"fullName":"StateMachine STM-004: 非法流转被拒绝 should reject DONE to any state transition","invocations":1,"location":null,"numPassingAsserts":1,"retryReasons":[],"status":"passed","title":"should reject DONE to any state transition"},{"ancestorTitles":["StateMachine","STM-005: 状态历史记录完整"],"duration":14,"failureDetails":[],"failureMessages":[],"fullName":"StateMachine STM-005: 状态历史记录完整 should maintain complete history","invocations":1,"location":null,"numPassingAsserts":6,"retryReasons":[],"status":"passed","title":"should maintain complete history"},{"ancestorTitles":["StateMachine","STM-006: 订阅通知机制"],"duration":15,"failureDetails":[],"failureMessages":[],"fullName":"StateMachine STM-006: 订阅通知机制 should notify subscribers on state change","invocations":1,"location":null,"numPassingAsserts":2,"retryReasons":[],"status":"passed","title":"should notify subscribers on state change"},{"ancestorTitles":["StateMachine","STM-006: 订阅通知机制"],"duration":12,"failureDetails":[],"failureMessages":[],"fullName":"StateMachine STM-006: 订阅通知机制 should allow unsubscribe","invocations":1,"location":null,"numPassingAsserts":1,"retryReasons":[],"status":"passed","title":"should allow unsubscribe"},{"ancestorTitles":["StateMachine","STM-007: 权限验证"],"duration":11,"failureDetails":[],"failureMessages":[],"fullName":"StateMachine STM-007: 权限验证 should reject CODE to AUDIT by pm","invocations":1,"location":null,"numPassingAsserts":3,"retryReasons":[],"status":"passed","title":"should reject CODE to AUDIT by pm"},{"ancestorTitles":["StateMachine","STM-008: 完整流转链路"],"duration":27,"failureDetails":[],"failureMessages":[],"fullName":"StateMachine STM-008: 完整流转链路 should complete full workflow IDLE→DESIGN→CODE→AUDIT→BUILD→DEPLOY→DONE","invocations":1,"location":null,"numPassingAsserts":14,"retryReasons":[],"status":"passed","title":"should complete full workflow IDLE→DESIGN→CODE→AUDIT→BUILD→DEPLOY→DONE"},{"ancestorTitles":["TransitionRulesEngine"],"duration":1,"failureDetails":[],"failureMessages":[],"fullName":"TransitionRulesEngine should validate transitions correctly","invocations":1,"location":null,"numPassingAsserts":3,"retryReasons":[],"status":"passed","title":"should validate transitions correctly"},{"ancestorTitles":["TransitionRulesEngine"],"duration":1,"failureDetails":[],"failureMessages":[],"fullName":"TransitionRulesEngine should return required approvals","invocations":1,"location":null,"numPassingAsserts":2,"retryReasons":[],"status":"passed","title":"should return required approvals"}],"endTime":1771050826711,"message":"","name":"F:\\Hajimi Code Ultra\\tests\\unit\\state-machine.test.ts","startTime":1771050820943,"status":"passed","summary":""},{"assertionResults":[{"ancestorTitles":["API Integration Flow","End-to-End Workflow"],"duration":4217,"failureDetails":[{"matcherResult":{"expected":true,"message":"expect(received).toBe(expected) // Object.is equality\n\nExpected: true\nReceived: undefined","name":"toBe","pass":false}}],"failureMessages":["Error: expect(received).toBe(expected) // Object.is equality\n\nExpected: true\nReceived: undefined\n    at Object.<anonymous> (F:\\Hajimi Code Ultra\\tests\\integration\\api-flow.test.ts:71:38)"],"fullName":"API Integration Flow End-to-End Workflow should complete full governance workflow with state transition","invocations":1,"location":null,"numPassingAsserts":0,"retryReasons":[],"status":"failed","title":"should complete full governance workflow with state transition"},{"ancestorTitles":["API Integration Flow","End-to-End Workflow"],"duration":9,"failureDetails":[{}],"failureMessages":["Error: Only PM can create proposals\n    at VoteService.createProposal (F:\\Hajimi Code Ultra\\lib\\core\\governance\\vote-service.ts:73:13)\n    at Object.<anonymous> (F:\\Hajimi Code Ultra\\tests\\integration\\api-flow.test.ts:92:42)\n    at Promise.then.completed (F:\\Hajimi Code Ultra\\node_modules\\jest-circus\\build\\utils.js:298:28)\n    at new Promise (<anonymous>)\n    at callAsyncCircusFn (F:\\Hajimi Code Ultra\\node_modules\\jest-circus\\build\\utils.js:231:10)\n    at _callCircusTest (F:\\Hajimi Code Ultra\\node_modules\\jest-circus\\build\\run.js:316:40)\n    at _runTest (F:\\Hajimi Code Ultra\\node_modules\\jest-circus\\build\\run.js:252:3)\n    at _runTestsForDescribeBlock (F:\\Hajimi Code Ultra\\node_modules\\jest-circus\\build\\run.js:126:9)\n    at _runTestsForDescribeBlock (F:\\Hajimi Code Ultra\\node_modules\\jest-circus\\build\\run.js:121:9)\n    at _runTestsForDescribeBlock (F:\\Hajimi Code Ultra\\node_modules\\jest-circus\\build\\run.js:121:9)\n    at run (F:\\Hajimi Code Ultra\\node_modules\\jest-circus\\build\\run.js:71:3)\n    at runAndTransformResultsToJestFormat (F:\\Hajimi Code Ultra\\node_modules\\jest-circus\\build\\legacy-code-todo-rewrite\\jestAdapterInit.js:122:21)\n    at jestAdapter (F:\\Hajimi Code Ultra\\node_modules\\jest-circus\\build\\legacy-code-todo-rewrite\\jestAdapter.js:79:19)\n    at runTestInternal (F:\\Hajimi Code Ultra\\node_modules\\jest-runner\\build\\runTest.js:367:16)\n    at runTest (F:\\Hajimi Code Ultra\\node_modules\\jest-runner\\build\\runTest.js:444:34)\n    at Object.worker (F:\\Hajimi Code Ultra\\node_modules\\jest-runner\\build\\testWorker.js:106:12)"],"fullName":"API Integration Flow End-to-End Workflow should handle A2A communication during governance","invocations":1,"location":null,"numPassingAsserts":0,"retryReasons":[],"status":"failed","title":"should handle A2A communication during governance"},{"ancestorTitles":["API Integration Flow","End-to-End Workflow"],"duration":10,"failureDetails":[],"failureMessages":[],"fullName":"API Integration Flow End-to-End Workflow should enforce auth in integrated scenarios","invocations":1,"location":null,"numPassingAsserts":5,"retryReasons":[],"status":"passed","title":"should enforce auth in integrated scenarios"},{"ancestorTitles":["API Integration Flow","State Machine and Governance Integration"],"duration":11,"failureDetails":[{}],"failureMessages":["Error: Only PM can create proposals\n    at VoteService.createProposal (F:\\Hajimi Code Ultra\\lib\\core\\governance\\vote-service.ts:73:13)\n    at Object.<anonymous> (F:\\Hajimi Code Ultra\\tests\\integration\\api-flow.test.ts:158:42)\n    at Promise.then.completed (F:\\Hajimi Code Ultra\\node_modules\\jest-circus\\build\\utils.js:298:28)\n    at new Promise (<anonymous>)\n    at callAsyncCircusFn (F:\\Hajimi Code Ultra\\node_modules\\jest-circus\\build\\utils.js:231:10)\n    at _callCircusTest (F:\\Hajimi Code Ultra\\node_modules\\jest-circus\\build\\run.js:316:40)\n    at _runTest (F:\\Hajimi Code Ultra\\node_modules\\jest-circus\\build\\run.js:252:3)\n    at _runTestsForDescribeBlock (F:\\Hajimi Code Ultra\\node_modules\\jest-circus\\build\\run.js:126:9)\n    at _runTestsForDescribeBlock (F:\\Hajimi Code Ultra\\node_modules\\jest-circus\\build\\run.js:121:9)\n    at _runTestsForDescribeBlock (F:\\Hajimi Code Ultra\\node_modules\\jest-circus\\build\\run.js:121:9)\n    at run (F:\\Hajimi Code Ultra\\node_modules\\jest-circus\\build\\run.js:71:3)\n    at runAndTransformResultsToJestFormat (F:\\Hajimi Code Ultra\\node_modules\\jest-circus\\build\\legacy-code-todo-rewrite\\jestAdapterInit.js:122:21)\n    at jestAdapter (F:\\Hajimi Code Ultra\\node_modules\\jest-circus\\build\\legacy-code-todo-rewrite\\jestAdapter.js:79:19)\n    at runTestInternal (F:\\Hajimi Code Ultra\\node_modules\\jest-runner\\build\\runTest.js:367:16)\n    at runTest (F:\\Hajimi Code Ultra\\node_modules\\jest-runner\\build\\runTest.js:444:34)\n    at Object.worker (F:\\Hajimi Code Ultra\\node_modules\\jest-runner\\build\\testWorker.js:106:12)"],"fullName":"API Integration Flow State Machine and Governance Integration should transition state after proposal approval","invocations":1,"location":null,"numPassingAsserts":1,"retryReasons":[],"status":"failed","title":"should transition state after proposal approval"},{"ancestorTitles":["API Integration Flow","State Machine and Governance Integration"],"duration":8,"failureDetails":[{}],"failureMessages":["Error: Only PM can create proposals\n    at VoteService.createProposal (F:\\Hajimi Code Ultra\\lib\\core\\governance\\vote-service.ts:73:13)\n    at Object.<anonymous> (F:\\Hajimi Code Ultra\\tests\\integration\\api-flow.test.ts:178:25)\n    at Promise.then.completed (F:\\Hajimi Code Ultra\\node_modules\\jest-circus\\build\\utils.js:298:28)\n    at new Promise (<anonymous>)\n    at callAsyncCircusFn (F:\\Hajimi Code Ultra\\node_modules\\jest-circus\\build\\utils.js:231:10)\n    at _callCircusTest (F:\\Hajimi Code Ultra\\node_modules\\jest-circus\\build\\run.js:316:40)\n    at _runTest (F:\\Hajimi Code Ultra\\node_modules\\jest-circus\\build\\run.js:252:3)\n    at _runTestsForDescribeBlock (F:\\Hajimi Code Ultra\\node_modules\\jest-circus\\build\\run.js:126:9)\n    at _runTestsForDescribeBlock (F:\\Hajimi Code Ultra\\node_modules\\jest-circus\\build\\run.js:121:9)\n    at _runTestsForDescribeBlock (F:\\Hajimi Code Ultra\\node_modules\\jest-circus\\build\\run.js:121:9)\n    at run (F:\\Hajimi Code Ultra\\node_modules\\jest-circus\\build\\run.js:71:3)\n    at runAndTransformResultsToJestFormat (F:\\Hajimi Code Ultra\\node_modules\\jest-circus\\build\\legacy-code-todo-rewrite\\jestAdapterInit.js:122:21)\n    at jestAdapter (F:\\Hajimi Code Ultra\\node_modules\\jest-circus\\build\\legacy-code-todo-rewrite\\jestAdapter.js:79:19)\n    at runTestInternal (F:\\Hajimi Code Ultra\\node_modules\\jest-runner\\build\\runTest.js:367:16)\n    at runTest (F:\\Hajimi Code Ultra\\node_modules\\jest-runner\\build\\runTest.js:444:34)\n    at Object.worker (F:\\Hajimi Code Ultra\\node_modules\\jest-runner\\build\\testWorker.js:106:12)"],"fullName":"API Integration Flow State Machine and Governance Integration should track state history through transitions","invocations":1,"location":null,"numPassingAsserts":0,"retryReasons":[],"status":"failed","title":"should track state history through transitions"},{"ancestorTitles":["API Integration Flow","State Machine and Governance Integration"],"duration":8,"failureDetails":[],"failureMessages":[],"fullName":"API Integration Flow State Machine and Governance Integration should prevent unauthorized state transitions","invocations":1,"location":null,"numPassingAsserts":2,"retryReasons":[],"status":"passed","title":"should prevent unauthorized state transitions"},{"ancestorTitles":["API Integration Flow","A2A and Governance Integration"],"duration":21,"failureDetails":[{}],"failureMessages":["Error: Only PM can create proposals\n    at VoteService.createProposal (F:\\Hajimi Code Ultra\\lib\\core\\governance\\vote-service.ts:73:13)\n    at Object.<anonymous> (F:\\Hajimi Code Ultra\\tests\\integration\\api-flow.test.ts:235:42)\n    at Promise.then.completed (F:\\Hajimi Code Ultra\\node_modules\\jest-circus\\build\\utils.js:298:28)\n    at new Promise (<anonymous>)\n    at callAsyncCircusFn (F:\\Hajimi Code Ultra\\node_modules\\jest-circus\\build\\utils.js:231:10)\n    at _callCircusTest (F:\\Hajimi Code Ultra\\node_modules\\jest-circus\\build\\run.js:316:40)\n    at _runTest (F:\\Hajimi Code Ultra\\node_modules\\jest-circus\\build\\run.js:252:3)\n    at _runTestsForDescribeBlock (F:\\Hajimi Code Ultra\\node_modules\\jest-circus\\build\\run.js:126:9)\n    at _runTestsForDescribeBlock (F:\\Hajimi Code Ultra\\node_modules\\jest-circus\\build\\run.js:121:9)\n    at _runTestsForDescribeBlock (F:\\Hajimi Code Ultra\\node_modules\\jest-circus\\build\\run.js:121:9)\n    at run (F:\\Hajimi Code Ultra\\node_modules\\jest-circus\\build\\run.js:71:3)\n    at runAndTransformResultsToJestFormat (F:\\Hajimi Code Ultra\\node_modules\\jest-circus\\build\\legacy-code-todo-rewrite\\jestAdapterInit.js:122:21)\n    at jestAdapter (F:\\Hajimi Code Ultra\\node_modules\\jest-circus\\build\\legacy-code-todo-rewrite\\jestAdapter.js:79:19)\n    at runTestInternal (F:\\Hajimi Code Ultra\\node_modules\\jest-runner\\build\\runTest.js:367:16)\n    at runTest (F:\\Hajimi Code Ultra\\node_modules\\jest-runner\\build\\runTest.js:444:34)\n    at Object.worker (F:\\Hajimi Code Ultra\\node_modules\\jest-runner\\build\\testWorker.js:106:12)"],"fullName":"API Integration Flow A2A and Governance Integration should send proposal notifications via A2A","invocations":1,"location":null,"numPassingAsserts":0,"retryReasons":[],"status":"failed","title":"should send proposal notifications via A2A"},{"ancestorTitles":["API Integration Flow","A2A and Governance Integration"],"duration":8,"failureDetails":[{}],"failureMessages":["Error: Only PM can create proposals\n    at VoteService.createProposal (F:\\Hajimi Code Ultra\\lib\\core\\governance\\vote-service.ts:73:13)\n    at Object.<anonymous> (F:\\Hajimi Code Ultra\\tests\\integration\\api-flow.test.ts:255:42)\n    at Promise.then.completed (F:\\Hajimi Code Ultra\\node_modules\\jest-circus\\build\\utils.js:298:28)\n    at new Promise (<anonymous>)\n    at callAsyncCircusFn (F:\\Hajimi Code Ultra\\node_modules\\jest-circus\\build\\utils.js:231:10)\n    at _callCircusTest (F:\\Hajimi Code Ultra\\node_modules\\jest-circus\\build\\run.js:316:40)\n    at _runTest (F:\\Hajimi Code Ultra\\node_modules\\jest-circus\\build\\run.js:252:3)\n    at _runTestsForDescribeBlock (F:\\Hajimi Code Ultra\\node_modules\\jest-circus\\build\\run.js:126:9)\n    at _runTestsForDescribeBlock (F:\\Hajimi Code Ultra\\node_modules\\jest-circus\\build\\run.js:121:9)\n    at _runTestsForDescribeBlock (F:\\Hajimi Code Ultra\\node_modules\\jest-circus\\build\\run.js:121:9)\n    at run (F:\\Hajimi Code Ultra\\node_modules\\jest-circus\\build\\run.js:71:3)\n    at runAndTransformResultsToJestFormat (F:\\Hajimi Code Ultra\\node_modules\\jest-circus\\build\\legacy-code-todo-rewrite\\jestAdapterInit.js:122:21)\n    at jestAdapter (F:\\Hajimi Code Ultra\\node_modules\\jest-circus\\build\\legacy-code-todo-rewrite\\jestAdapter.js:79:19)\n    at runTestInternal (F:\\Hajimi Code Ultra\\node_modules\\jest-runner\\build\\runTest.js:367:16)\n    at runTest (F:\\Hajimi Code Ultra\\node_modules\\jest-runner\\build\\runTest.js:444:34)\n    at Object.worker (F:\\Hajimi Code Ultra\\node_modules\\jest-runner\\build\\testWorker.js:106:12)"],"fullName":"API Integration Flow A2A and Governance Integration should query proposal status through A2A","invocations":1,"location":null,"numPassingAsserts":0,"retryReasons":[],"status":"failed","title":"should query proposal status through A2A"},{"ancestorTitles":["API Integration Flow","Auth and Authorization Integration"],"duration":6,"failureDetails":[{}],"failureMessages":["Error: Only PM can create proposals\n    at VoteService.createProposal (F:\\Hajimi Code Ultra\\lib\\core\\governance\\vote-service.ts:73:13)\n    at Object.<anonymous> (F:\\Hajimi Code Ultra\\tests\\integration\\api-flow.test.ts:300:42)\n    at Promise.then.completed (F:\\Hajimi Code Ultra\\node_modules\\jest-circus\\build\\utils.js:298:28)\n    at new Promise (<anonymous>)\n    at callAsyncCircusFn (F:\\Hajimi Code Ultra\\node_modules\\jest-circus\\build\\utils.js:231:10)\n    at _callCircusTest (F:\\Hajimi Code Ultra\\node_modules\\jest-circus\\build\\run.js:316:40)\n    at _runTest (F:\\Hajimi Code Ultra\\node_modules\\jest-circus\\build\\run.js:252:3)\n    at _runTestsForDescribeBlock (F:\\Hajimi Code Ultra\\node_modules\\jest-circus\\build\\run.js:126:9)\n    at _runTestsForDescribeBlock (F:\\Hajimi Code Ultra\\node_modules\\jest-circus\\build\\run.js:121:9)\n    at _runTestsForDescribeBlock (F:\\Hajimi Code Ultra\\node_modules\\jest-circus\\build\\run.js:121:9)\n    at run (F:\\Hajimi Code Ultra\\node_modules\\jest-circus\\build\\run.js:71:3)\n    at runAndTransformResultsToJestFormat (F:\\Hajimi Code Ultra\\node_modules\\jest-circus\\build\\legacy-code-todo-rewrite\\jestAdapterInit.js:122:21)\n    at jestAdapter (F:\\Hajimi Code Ultra\\node_modules\\jest-circus\\build\\legacy-code-todo-rewrite\\jestAdapter.js:79:19)\n    at runTestInternal (F:\\Hajimi Code Ultra\\node_modules\\jest-runner\\build\\runTest.js:367:16)\n    at runTest (F:\\Hajimi Code Ultra\\node_modules\\jest-runner\\build\\runTest.js:444:34)\n    at Object.worker (F:\\Hajimi Code Ultra\\node_modules\\jest-runner\\build\\testWorker.js:106:12)"],"fullName":"API Integration Flow Auth and Authorization Integration should enforce role-based access in full flow","invocations":1,"location":null,"numPassingAsserts":5,"retryReasons":[],"status":"failed","title":"should enforce role-based access in full flow"},{"ancestorTitles":["API Integration Flow","Auth and Authorization Integration"],"duration":13,"failureDetails":[],"failureMessages":[],"fullName":"API Integration Flow Auth and Authorization Integration should handle token extraction from various sources","invocations":1,"location":null,"numPassingAsserts":3,"retryReasons":[],"status":"passed","title":"should handle token extraction from various sources"},{"ancestorTitles":["API Integration Flow","Error Handling Integration"],"duration":24,"failureDetails":[{"matcherResult":{"message":"expect(received).rejects.toThrow(expected)\n\nExpected constructor: VoteServiceError\nReceived constructor: Error\n\nReceived message: \"Proposal not found: non-existent-id\"\n\n    \u001b[0m \u001b[90m 105 |\u001b[39m     \u001b[36mconst\u001b[39m proposal \u001b[33m=\u001b[39m \u001b[36mthis\u001b[39m\u001b[33m.\u001b[39mproposals\u001b[33m.\u001b[39m\u001b[36mget\u001b[39m(proposalId)\u001b[33m;\u001b[39m\n     \u001b[90m 106 |\u001b[39m     \u001b[36mif\u001b[39m (\u001b[33m!\u001b[39mproposal) {\n    \u001b[31m\u001b[1m>\u001b[22m\u001b[39m\u001b[90m 107 |\u001b[39m       \u001b[36mthrow\u001b[39m \u001b[36mnew\u001b[39m \u001b[33mError\u001b[39m(\u001b[32m`Proposal not found: ${proposalId}`\u001b[39m)\u001b[33m;\u001b[39m\n     \u001b[90m     |\u001b[39m             \u001b[31m\u001b[1m^\u001b[22m\u001b[39m\n     \u001b[90m 108 |\u001b[39m     }\n     \u001b[90m 109 |\u001b[39m\n     \u001b[90m 110 |\u001b[39m     \u001b[36mif\u001b[39m (proposal\u001b[33m.\u001b[39mstatus \u001b[33m!==\u001b[39m \u001b[32m'voting'\u001b[39m) {\u001b[0m\n\n      at VoteService.vote (lib/core/governance/vote-service.ts:107:13)\n      at Object.<anonymous> (tests/integration/api-flow.test.ts:349:21)","pass":false},"message":"expect(received).rejects.toThrow(expected)\n\nExpected constructor: VoteServiceError\nReceived constructor: Error\n\nReceived message: \"Proposal not found: non-existent-id\"\n\n    \u001b[0m \u001b[90m 105 |\u001b[39m     \u001b[36mconst\u001b[39m proposal \u001b[33m=\u001b[39m \u001b[36mthis\u001b[39m\u001b[33m.\u001b[39mproposals\u001b[33m.\u001b[39m\u001b[36mget\u001b[39m(proposalId)\u001b[33m;\u001b[39m\n     \u001b[90m 106 |\u001b[39m     \u001b[36mif\u001b[39m (\u001b[33m!\u001b[39mproposal) {\n    \u001b[31m\u001b[1m>\u001b[22m\u001b[39m\u001b[90m 107 |\u001b[39m       \u001b[36mthrow\u001b[39m \u001b[36mnew\u001b[39m \u001b[33mError\u001b[39m(\u001b[32m`Proposal not found: ${proposalId}`\u001b[39m)\u001b[33m;\u001b[39m\n     \u001b[90m     |\u001b[39m             \u001b[31m\u001b[1m^\u001b[22m\u001b[39m\n     \u001b[90m 108 |\u001b[39m     }\n     \u001b[90m 109 |\u001b[39m\n     \u001b[90m 110 |\u001b[39m     \u001b[36mif\u001b[39m (proposal\u001b[33m.\u001b[39mstatus \u001b[33m!==\u001b[39m \u001b[32m'voting'\u001b[39m) {\u001b[0m\n\n      at VoteService.vote (lib/core/governance/vote-service.ts:107:13)\n      at Object.<anonymous> (tests/integration/api-flow.test.ts:349:21)"}],"failureMessages":["Error: expect(received).rejects.toThrow(expected)\n\nExpected constructor: VoteServiceError\nReceived constructor: Error\n\nReceived message: \"Proposal not found: non-existent-id\"\n\n    \u001b[0m \u001b[90m 105 |\u001b[39m     \u001b[36mconst\u001b[39m proposal \u001b[33m=\u001b[39m \u001b[36mthis\u001b[39m\u001b[33m.\u001b[39mproposals\u001b[33m.\u001b[39m\u001b[36mget\u001b[39m(proposalId)\u001b[33m;\u001b[39m\n     \u001b[90m 106 |\u001b[39m     \u001b[36mif\u001b[39m (\u001b[33m!\u001b[39mproposal) {\n    \u001b[31m\u001b[1m>\u001b[22m\u001b[39m\u001b[90m 107 |\u001b[39m       \u001b[36mthrow\u001b[39m \u001b[36mnew\u001b[39m \u001b[33mError\u001b[39m(\u001b[32m`Proposal not found: ${proposalId}`\u001b[39m)\u001b[33m;\u001b[39m\n     \u001b[90m     |\u001b[39m             \u001b[31m\u001b[1m^\u001b[22m\u001b[39m\n     \u001b[90m 108 |\u001b[39m     }\n     \u001b[90m 109 |\u001b[39m\n     \u001b[90m 110 |\u001b[39m     \u001b[36mif\u001b[39m (proposal\u001b[33m.\u001b[39mstatus \u001b[33m!==\u001b[39m \u001b[32m'voting'\u001b[39m) {\u001b[0m\n\n      at VoteService.vote (lib/core/governance/vote-service.ts:107:13)\n      at Object.<anonymous> (tests/integration/api-flow.test.ts:349:21)\n    at Object.toThrow (F:\\Hajimi Code Ultra\\node_modules\\expect\\build\\index.js:218:22)\n    at Object.<anonymous> (F:\\Hajimi Code Ultra\\tests\\integration\\api-flow.test.ts:350:17)\n    at Promise.then.completed (F:\\Hajimi Code Ultra\\node_modules\\jest-circus\\build\\utils.js:298:28)\n    at new Promise (<anonymous>)\n    at callAsyncCircusFn (F:\\Hajimi Code Ultra\\node_modules\\jest-circus\\build\\utils.js:231:10)\n    at _callCircusTest (F:\\Hajimi Code Ultra\\node_modules\\jest-circus\\build\\run.js:316:40)\n    at _runTest (F:\\Hajimi Code Ultra\\node_modules\\jest-circus\\build\\run.js:252:3)\n    at _runTestsForDescribeBlock (F:\\Hajimi Code Ultra\\node_modules\\jest-circus\\build\\run.js:126:9)\n    at _runTestsForDescribeBlock (F:\\Hajimi Code Ultra\\node_modules\\jest-circus\\build\\run.js:121:9)\n    at _runTestsForDescribeBlock (F:\\Hajimi Code Ultra\\node_modules\\jest-circus\\build\\run.js:121:9)\n    at run (F:\\Hajimi Code Ultra\\node_modules\\jest-circus\\build\\run.js:71:3)\n    at runAndTransformResultsToJestFormat (F:\\Hajimi Code Ultra\\node_modules\\jest-circus\\build\\legacy-code-todo-rewrite\\jestAdapterInit.js:122:21)\n    at jestAdapter (F:\\Hajimi Code Ultra\\node_modules\\jest-circus\\build\\legacy-code-todo-rewrite\\jestAdapter.js:79:19)\n    at runTestInternal (F:\\Hajimi Code Ultra\\node_modules\\jest-runner\\build\\runTest.js:367:16)\n    at runTest (F:\\Hajimi Code Ultra\\node_modules\\jest-runner\\build\\runTest.js:444:34)\n    at Object.worker (F:\\Hajimi Code Ultra\\node_modules\\jest-runner\\build\\testWorker.js:106:12)"],"fullName":"API Integration Flow Error Handling Integration should handle proposal not found error","invocations":1,"location":null,"numPassingAsserts":0,"retryReasons":[],"status":"failed","title":"should handle proposal not found error"},{"ancestorTitles":["API Integration Flow","Error Handling Integration"],"duration":8,"failureDetails":[{}],"failureMessages":["Error: Only PM can create proposals\n    at VoteService.createProposal (F:\\Hajimi Code Ultra\\lib\\core\\governance\\vote-service.ts:73:13)\n    at Object.<anonymous> (F:\\Hajimi Code Ultra\\tests\\integration\\api-flow.test.ts:354:42)\n    at Promise.then.completed (F:\\Hajimi Code Ultra\\node_modules\\jest-circus\\build\\utils.js:298:28)\n    at new Promise (<anonymous>)\n    at callAsyncCircusFn (F:\\Hajimi Code Ultra\\node_modules\\jest-circus\\build\\utils.js:231:10)\n    at _callCircusTest (F:\\Hajimi Code Ultra\\node_modules\\jest-circus\\build\\run.js:316:40)\n    at _runTest (F:\\Hajimi Code Ultra\\node_modules\\jest-circus\\build\\run.js:252:3)\n    at _runTestsForDescribeBlock (F:\\Hajimi Code Ultra\\node_modules\\jest-circus\\build\\run.js:126:9)\n    at _runTestsForDescribeBlock (F:\\Hajimi Code Ultra\\node_modules\\jest-circus\\build\\run.js:121:9)\n    at _runTestsForDescribeBlock (F:\\Hajimi Code Ultra\\node_modules\\jest-circus\\build\\run.js:121:9)\n    at run (F:\\Hajimi Code Ultra\\node_modules\\jest-circus\\build\\run.js:71:3)\n    at runAndTransformResultsToJestFormat (F:\\Hajimi Code Ultra\\node_modules\\jest-circus\\build\\legacy-code-todo-rewrite\\jestAdapterInit.js:122:21)\n    at jestAdapter (F:\\Hajimi Code Ultra\\node_modules\\jest-circus\\build\\legacy-code-todo-rewrite\\jestAdapter.js:79:19)\n    at runTestInternal (F:\\Hajimi Code Ultra\\node_modules\\jest-runner\\build\\runTest.js:367:16)\n    at runTest (F:\\Hajimi Code Ultra\\node_modules\\jest-runner\\build\\runTest.js:444:34)\n    at Object.worker (F:\\Hajimi Code Ultra\\node_modules\\jest-runner\\build\\testWorker.js:106:12)"],"fullName":"API Integration Flow Error Handling Integration should handle duplicate vote error","invocations":1,"location":null,"numPassingAsserts":0,"retryReasons":[],"status":"failed","title":"should handle duplicate vote error"},{"ancestorTitles":["API Integration Flow","Error Handling Integration"],"duration":6,"failureDetails":[{}],"failureMessages":["Error: Only PM can create proposals\n    at VoteService.createProposal (F:\\Hajimi Code Ultra\\lib\\core\\governance\\vote-service.ts:73:13)\n    at Object.<anonymous> (F:\\Hajimi Code Ultra\\tests\\integration\\api-flow.test.ts:370:42)\n    at Promise.then.completed (F:\\Hajimi Code Ultra\\node_modules\\jest-circus\\build\\utils.js:298:28)\n    at new Promise (<anonymous>)\n    at callAsyncCircusFn (F:\\Hajimi Code Ultra\\node_modules\\jest-circus\\build\\utils.js:231:10)\n    at _callCircusTest (F:\\Hajimi Code Ultra\\node_modules\\jest-circus\\build\\run.js:316:40)\n    at _runTest (F:\\Hajimi Code Ultra\\node_modules\\jest-circus\\build\\run.js:252:3)\n    at _runTestsForDescribeBlock (F:\\Hajimi Code Ultra\\node_modules\\jest-circus\\build\\run.js:126:9)\n    at _runTestsForDescribeBlock (F:\\Hajimi Code Ultra\\node_modules\\jest-circus\\build\\run.js:121:9)\n    at _runTestsForDescribeBlock (F:\\Hajimi Code Ultra\\node_modules\\jest-circus\\build\\run.js:121:9)\n    at run (F:\\Hajimi Code Ultra\\node_modules\\jest-circus\\build\\run.js:71:3)\n    at runAndTransformResultsToJestFormat (F:\\Hajimi Code Ultra\\node_modules\\jest-circus\\build\\legacy-code-todo-rewrite\\jestAdapterInit.js:122:21)\n    at jestAdapter (F:\\Hajimi Code Ultra\\node_modules\\jest-circus\\build\\legacy-code-todo-rewrite\\jestAdapter.js:79:19)\n    at runTestInternal (F:\\Hajimi Code Ultra\\node_modules\\jest-runner\\build\\runTest.js:367:16)\n    at runTest (F:\\Hajimi Code Ultra\\node_modules\\jest-runner\\build\\runTest.js:444:34)\n    at Object.worker (F:\\Hajimi Code Ultra\\node_modules\\jest-runner\\build\\testWorker.js:106:12)"],"fullName":"API Integration Flow Error Handling Integration should handle expired proposal","invocations":1,"location":null,"numPassingAsserts":0,"retryReasons":[],"status":"failed","title":"should handle expired proposal"},{"ancestorTitles":["API Integration Flow","Error Handling Integration"],"duration":5,"failureDetails":[],"failureMessages":[],"fullName":"API Integration Flow Error Handling Integration should handle invalid state transitions","invocations":1,"location":null,"numPassingAsserts":2,"retryReasons":[],"status":"passed","title":"should handle invalid state transitions"},{"ancestorTitles":["API Integration Flow","Concurrent Operations"],"duration":5,"failureDetails":[{}],"failureMessages":["Error: Only PM can create proposals\n    at VoteService.createProposal (F:\\Hajimi Code Ultra\\lib\\core\\governance\\vote-service.ts:73:13)\n    at Object.<anonymous> (F:\\Hajimi Code Ultra\\tests\\integration\\api-flow.test.ts:400:42)\n    at Promise.then.completed (F:\\Hajimi Code Ultra\\node_modules\\jest-circus\\build\\utils.js:298:28)\n    at new Promise (<anonymous>)\n    at callAsyncCircusFn (F:\\Hajimi Code Ultra\\node_modules\\jest-circus\\build\\utils.js:231:10)\n    at _callCircusTest (F:\\Hajimi Code Ultra\\node_modules\\jest-circus\\build\\run.js:316:40)\n    at _runTest (F:\\Hajimi Code Ultra\\node_modules\\jest-circus\\build\\run.js:252:3)\n    at _runTestsForDescribeBlock (F:\\Hajimi Code Ultra\\node_modules\\jest-circus\\build\\run.js:126:9)\n    at _runTestsForDescribeBlock (F:\\Hajimi Code Ultra\\node_modules\\jest-circus\\build\\run.js:121:9)\n    at _runTestsForDescribeBlock (F:\\Hajimi Code Ultra\\node_modules\\jest-circus\\build\\run.js:121:9)\n    at run (F:\\Hajimi Code Ultra\\node_modules\\jest-circus\\build\\run.js:71:3)\n    at runAndTransformResultsToJestFormat (F:\\Hajimi Code Ultra\\node_modules\\jest-circus\\build\\legacy-code-todo-rewrite\\jestAdapterInit.js:122:21)\n    at jestAdapter (F:\\Hajimi Code Ultra\\node_modules\\jest-circus\\build\\legacy-code-todo-rewrite\\jestAdapter.js:79:19)\n    at runTestInternal (F:\\Hajimi Code Ultra\\node_modules\\jest-runner\\build\\runTest.js:367:16)\n    at runTest (F:\\Hajimi Code Ultra\\node_modules\\jest-runner\\build\\runTest.js:444:34)\n    at Object.worker (F:\\Hajimi Code Ultra\\node_modules\\jest-runner\\build\\testWorker.js:106:12)"],"fullName":"API Integration Flow Concurrent Operations should handle concurrent votes","invocations":1,"location
[...]
:74,"column":19},"end":{"line":74,"column":60}},"25":{"start":{"line":74,"column":44},"end":{"line":74,"column":52}},"26":{"start":{"line":75,"column":19},"end":{"line":75,"column":61}},"27":{"start":{"line":75,"column":44},"end":{"line":75,"column":53}},"28":{"start":{"line":76,"column":18},"end":{"line":76,"column":37}},"29":{"start":{"line":77,"column":21},"end":{"line":77,"column":73}},"30":{"start":{"line":77,"column":53},"end":{"line":77,"column":69}},"31":{"start":{"line":79,"column":4},"end":{"line":79,"column":39}},"32":{"start":{"line":80,"column":4},"end":{"line":80,"column":29}},"33":{"start":{"line":81,"column":4},"end":{"line":81,"column":37}},"34":{"start":{"line":82,"column":4},"end":{"line":82,"column":68}},"35":{"start":{"line":83,"column":4},"end":{"line":83,"column":37}},"36":{"start":{"line":85,"column":4},"end":{"line":90,"column":5}},"37":{"start":{"line":86,"column":6},"end":{"line":86,"column":30}},"38":{"start":{"line":87,"column":6},"end":{"line":89,"column":9}},"39":{"start":{"line":87,"column":31},"end":{"line":87,"column":40}},"40":{"start":{"line":88,"column":8},"end":{"line":88,"column":49}},"41":{"start":{"line":92,"column":4},"end":{"line":92,"column":37}},"42":{"start":{"line":94,"column":4},"end":{"line":94,"column":24}},"43":{"start":{"line":101,"column":2},"end":{"line":101,"column":40}},"44":{"start":{"line":102,"column":2},"end":{"line":102,"column":59}},"45":{"start":{"line":104,"column":15},"end":{"line":104,"column":31}},"46":{"start":{"line":107,"column":2},"end":{"line":107,"column":42}},"47":{"start":{"line":109,"column":2},"end":{"line":116,"column":5}},"48":{"start":{"line":110,"column":18},"end":{"line":110,"column":36}},"49":{"start":{"line":111,"column":22},"end":{"line":111,"column":43}},"50":{"start":{"line":112,"column":4},"end":{"line":112,"column":40}},"51":{"start":{"line":113,"column":4},"end":{"line":113,"column":54}},"52":{"start":{"line":114,"column":4},"end":{"line":114,"column":50}},"53":{"start":{"line":115,"column":4},"end":{"line":115,"column":29}},"54":{"start":{"line":118,"column":2},"end":{"line":129,"column":5}},"55":{"start":{"line":119,"column":18},"end":{"line":119,"column":83}},"56":{"start":{"line":120,"column":4},"end":{"line":120,"column":26}},"57":{"start":{"line":122,"column":4},"end":{"line":122,"column":54}},"58":{"start":{"line":125,"column":4},"end":{"line":125,"column":46}},"59":{"start":{"line":126,"column":19},"end":{"line":126,"column":46}},"60":{"start":{"line":127,"column":4},"end":{"line":127,"column":43}},"61":{"start":{"line":128,"column":4},"end":{"line":128,"column":29}},"62":{"start":{"line":132,"column":2},"end":{"line":132,"column":38}},"63":{"start":{"line":134,"column":2},"end":{"line":144,"column":5}},"64":{"start":{"line":135,"column":18},"end":{"line":135,"column":36}},"65":{"start":{"line":136,"column":4},"end":{"line":136,"column":26}},"66":{"start":{"line":138,"column":21},"end":{"line":138,"column":75}},"67":{"start":{"line":139,"column":4},"end":{"line":139,"column":38}},"68":{"start":{"line":140,"column":19},"end":{"line":140,"column":42}},"69":{"start":{"line":141,"column":4},"end":{"line":141,"column":42}},"70":{"start":{"line":143,"column":4},"end":{"line":143,"column":29}},"71":{"start":{"line":146,"column":2},"end":{"line":155,"column":5}},"72":{"start":{"line":147,"column":18},"end":{"line":147,"column":36}},"73":{"start":{"line":148,"column":4},"end":{"line":148,"column":26}},"74":{"start":{"line":150,"column":4},"end":{"line":150,"column":46}},"75":{"start":{"line":151,"column":19},"end":{"line":151,"column":45}},"76":{"start":{"line":152,"column":4},"end":{"line":152,"column":44}},"77":{"start":{"line":154,"column":4},"end":{"line":154,"column":29}},"78":{"start":{"line":157,"column":2},"end":{"line":166,"column":5}},"79":{"start":{"line":158,"column":18},"end":{"line":158,"column":36}},"80":{"start":{"line":159,"column":4},"end":{"line":159,"column":26}},"81":{"start":{"line":161,"column":4},"end":{"line":161,"column":35}},"82":{"start":{"line":162,"column":19},"end":{"line":162,"column":45}},"83":{"start":{"line":163,"column":4},"end":{"line":163,"column":33}},"84":{"start":{"line":165,"column":4},"end":{"line":165,"column":29}},"85":{"start":{"line":168,"column":2},"end":{"line":178,"column":5}},"86":{"start":{"line":169,"column":18},"end":{"line":169,"column":36}},"87":{"start":{"line":170,"column":4},"end":{"line":170,"column":26}},"88":{"start":{"line":172,"column":16},"end":{"line":172,"column":46}},"89":{"start":{"line":173,"column":4},"end":{"line":173,"column":36}},"90":{"start":{"line":174,"column":19},"end":{"line":174,"column":45}},"91":{"start":{"line":175,"column":4},"end":{"line":175,"column":37}},"92":{"start":{"line":177,"column":4},"end":{"line":177,"column":29}},"93":{"start":{"line":180,"column":2},"end":{"line":188,"column":5}},"94":{"start":{"line":181,"column":18},"end":{"line":181,"column":36}},"95":{"start":{"line":182,"column":4},"end":{"line":182,"column":26}},"96":{"start":{"line":184,"column":19},"end":{"line":184,"column":58}},"97":{"start":{"line":185,"column":4},"end":{"line":185,"column":35}},"98":{"start":{"line":187,"column":4},"end":{"line":187,"column":29}},"99":{"start":{"line":190,"column":2},"end":{"line":201,"column":5}},"100":{"start":{"line":191,"column":18},"end":{"line":191,"column":36}},"101":{"start":{"line":192,"column":4},"end":{"line":192,"column":26}},"102":{"start":{"line":194,"column":4},"end":{"line":194,"column":40}},"103":{"start":{"line":195,"column":4},"end":{"line":195,"column":58}},"104":{"start":{"line":197,"column":4},"end":{"line":197,"column":34}},"105":{"start":{"line":198,"column":4},"end":{"line":198,"column":55}},"106":{"start":{"line":200,"column":4},"end":{"line":200,"column":29}},"107":{"start":{"line":203,"column":2},"end":{"line":216,"column":5}},"108":{"start":{"line":204,"column":18},"end":{"line":204,"column":36}},"109":{"start":{"line":205,"column":4},"end":{"line":205,"column":26}},"110":{"start":{"line":207,"column":4},"end":{"line":207,"column":32}},"111":{"start":{"line":208,"column":4},"end":{"line":208,"column":32}},"112":{"start":{"line":210,"column":4},"end":{"line":210,"column":24}},"113":{"start":{"line":212,"column":4},"end":{"line":212,"column":50}},"114":{"start":{"line":213,"column":4},"end":{"line":213,"column":50}},"115":{"start":{"line":215,"column":4},"end":{"line":215,"column":29}},"116":{"start":{"line":219,"column":2},"end":{"line":219,"column":40}},"117":{"start":{"line":221,"column":2},"end":{"line":229,"column":5}},"118":{"start":{"line":222,"column":18},"end":{"line":222,"column":36}},"119":{"start":{"line":223,"column":4},"end":{"line":223,"column":26}},"120":{"start":{"line":225,"column":4},"end":{"line":225,"column":46}},"121":{"start":{"line":226,"column":4},"end":{"line":226,"column":58}},"122":{"start":{"line":228,"column":4},"end":{"line":228,"column":29}},"123":{"start":{"line":231,"column":2},"end":{"line":244,"column":5}},"124":{"start":{"line":232,"column":18},"end":{"line":232,"column":36}},"125":{"start":{"line":233,"column":4},"end":{"line":233,"column":26}},"126":{"start":{"line":235,"column":4},"end":{"line":235,"column":46}},"127":{"start":{"line":236,"column":4},"end":{"line":236,"column":60}},"128":{"start":{"line":239,"column":4},"end":{"line":239,"column":59}},"129":{"start":{"line":239,"column":33},"end":{"line":239,"column":57}},"130":{"start":{"line":241,"column":4},"end":{"line":241,"column":57}},"131":{"start":{"line":243,"column":4},"end":{"line":243,"column":29}},"132":{"start":{"line":246,"column":2},"end":{"line":265,"column":5}},"133":{"start":{"line":247,"column":18},"end":{"line":247,"column":36}},"134":{"start":{"line":248,"column":4},"end":{"line":248,"column":26}},"135":{"start":{"line":250,"column":4},"end":{"line":254,"column":7}},"136":{"start":{"line":256,"column":20},"end":{"line":256,"column":59}},"137":{"start":{"line":257,"column":4},"end":{"line":257,"column":53}},"138":{"start":{"line":259,"column":4},"end":{"line":259,"column":37}},"139":{"start":{"line":260,"column":4},"end":{"line":260,"column":51}},"140":{"start":{"line":261,"column":4},"end":{"line":261,"column":51}},"141":{"start":{"line":262,"column":4},"end":{"line":262,"column":51}},"142":{"start":{"line":264,"column":4},"end":{"line":264,"column":29}},"143":{"start":{"line":268,"column":2},"end":{"line":268,"column":27}},"144":{"start":{"line":270,"column":2},"end":{"line":283,"column":5}},"145":{"start":{"line":271,"column":18},"end":{"line":271,"column":36}},"146":{"start":{"line":272,"column":4},"end":{"line":272,"column":26}},"147":{"start":{"line":273,"column":4},"end":{"line":273,"column":24}},"148":{"start":{"line":275,"column":4},"end":{"line":275,"column":32}},"149":{"start":{"line":276,"column":4},"end":{"line":276,"column":32}},"150":{"start":{"line":278,"column":18},"end":{"line":278,"column":40}},"151":{"start":{"line":279,"column":4},"end":{"line":279,"column":51}},"152":{"start":{"line":280,"column":4},"end":{"line":280,"column":50}},"153":{"start":{"line":282,"column":4},"end":{"line":282,"column":29}},"154":{"start":{"line":285,"column":2},"end":{"line":298,"column":5}},"155":{"start":{"line":286,"column":18},"end":{"line":286,"column":36}},"156":{"start":{"line":287,"column":4},"end":{"line":287,"column":26}},"157":{"start":{"line":288,"column":4},"end":{"line":288,"column":24}},"158":{"start":{"line":290,"column":4},"end":{"line":290,"column":41}},"159":{"start":{"line":291,"column":4},"end":{"line":291,"column":41}},"160":{"start":{"line":292,"column":4},"end":{"line":292,"column":35}},"161":{"start":{"line":294,"column":17},"end":{"line":294,"column":45}},"162":{"start":{"line":295,"column":4},"end":{"line":295,"column":47}},"163":{"start":{"line":297,"column":4},"end":{"line":297,"column":29}},"164":{"start":{"line":301,"column":2},"end":{"line":301,"column":27}},"165":{"start":{"line":303,"column":2},"end":{"line":311,"column":5}},"166":{"start":{"line":304,"column":18},"end":{"line":304,"column":36}},"167":{"start":{"line":305,"column":4},"end":{"line":305,"column":26}},"168":{"start":{"line":307,"column":19},"end":{"line":307,"column":38}},"169":{"start":{"line":308,"column":4},"end":{"line":308,"column":35}},"170":{"start":{"line":310,"column":4},"end":{"line":310,"column":29}},"171":{"start":{"line":313,"column":2},"end":{"line":323,"column":5}},"172":{"start":{"line":314,"column":18},"end":{"line":314,"column":36}},"173":{"start":{"line":315,"column":4},"end":{"line":315,"column":26}},"174":{"start":{"line":317,"column":4},"end":{"line":317,"column":24}},"175":{"start":{"line":318,"column":4},"end":{"line":318,"column":24}},"176":{"start":{"line":320,"column":4},"end":{"line":320,"column":35}},"177":{"start":{"line":322,"column":4},"end":{"line":322,"column":29}},"178":{"start":{"line":326,"column":18},"end":{"line":326,"column":37}},"179":{"start":{"line":327,"column":2},"end":{"line":327,"column":32}},"180":{"start":{"line":330,"column":0},"end":{"line":333,"column":3}},"181":{"start":{"line":331,"column":2},"end":{"line":331,"column":43}},"182":{"start":{"line":332,"column":2},"end":{"line":332,"column":18}}},"fnMap":{"0":{"name":"(anonymous_0)","decl":{"start":{"line":24,"column":0},"end":{"line":24,"column":6}},"loc":{"start":{"line":24,"column":0},"end":{"line":96,"column":1}}},"1":{"name":"(anonymous_1)","decl":{"start":{"line":27,"column":2},"end":{"line":27,"column":7}},"loc":{"start":{"line":27,"column":49},"end":{"line":41,"column":3}}},"2":{"name":"(anonymous_2)","decl":{"start":{"line":43,"column":2},"end":{"line":43,"column":8}},"loc":{"start":{"line":43,"column":21},"end":{"line":71,"column":3}}},"3":{"name":"(anonymous_3)","decl":{"start":{"line":45,"column":6},"end":{"line":45,"column":10}},"loc":{"start":{"line":45,"column":22},"end":{"line":49,"column":7}}},"4":{"name":"(anonymous_4)","decl":{"start":{"line":50,"column":6},"end":{"line":50,"column":13}},"loc":{"start":{"line":50,"column":25},"end":{"line":54,"column":7}}},"5":{"name":"(anonymous_5)","decl":{"start":{"line":55,"column":6},"end":{"line":55,"column":14}},"loc":{"start":{"line":55,"column":14},"end":{"line":59,"column":7}}},"6":{"name":"(anonymous_6)","decl":{"start":{"line":60,"column":6},"end":{"line":60,"column":16}},"loc":{"start":{"line":60,"column":16},"end":{"line":64,"column":7}}},"7":{"name":"(anonymous_7)","decl":{"start":{"line":65,"column":6},"end":{"line":65,"column":15}},"loc":{"start":{"line":65,"column":15},"end":{"line":69,"column":7}}},"8":{"name":"(anonymous_8)","decl":{"start":{"line":73,"column":2},"end":{"line":73,"column":14}},"loc":{"start":{"line":73,"column":14},"end":{"line":95,"column":3}}},"9":{"name":"(anonymous_9)","decl":{"start":{"line":74,"column":39},"end":{"line":74,"column":40}},"loc":{"start":{"line":74,"column":44},"end":{"line":74,"column":52}}},"10":{"name":"(anonymous_10)","decl":{"start":{"line":75,"column":39},"end":{"line":75,"column":40}},"loc":{"start":{"line":75,"column":44},"end":{"line":75,"column":53}}},"11":{"name":"(anonymous_11)","decl":{"start":{"line":77,"column":41},"end":{"line":77,"column":42}},"loc":{"start":{"line":77,"column":53},"end":{"line":77,"column":69}}},"12":{"name":"(anonymous_12)","decl":{"start":{"line":87,"column":26},"end":{"line":87,"column":27}},"loc":{"start":{"line":87,"column":31},"end":{"line":87,"column":40}}},"13":{"name":"(anonymous_13)","decl":{"start":{"line":87,"column":50},"end":{"line":87,"column":51}},"loc":{"start":{"line":87,"column":54},"end":{"line":89,"column":7}}},"14":{"name":"runTests","decl":{"start":{"line":100,"column":15},"end":{"line":100,"column":23}},"loc":{"start":{"line":100,"column":23},"end":{"line":328,"column":1}}},"15":{"name":"(anonymous_15)","decl":{"start":{"line":109,"column":35},"end":{"line":109,"column":40}},"loc":{"start":{"line":109,"column":46},"end":{"line":116,"column":3}}},"16":{"name":"(anonymous_16)","decl":{"start":{"line":118,"column":33},"end":{"line":118,"column":38}},"loc":{"start":{"line":118,"column":44},"end":{"line":129,"column":3}}},"17":{"name":"(anonymous_17)","decl":{"start":{"line":134,"column":32},"end":{"line":134,"column":37}},"loc":{"start":{"line":134,"column":43},"end":{"line":144,"column":3}}},"18":{"name":"(anonymous_18)","decl":{"start":{"line":146,"column":30},"end":{"line":146,"column":35}},"loc":{"start":{"line":146,"column":41},"end":{"line":155,"column":3}}},"19":{"name":"(anonymous_19)","decl":{"start":{"line":157,"column":29},"end":{"line":157,"column":34}},"loc":{"start":{"line":157,"column":40},"end":{"line":166,"column":3}}},"20":{"name":"(anonymous_20)","decl":{"start":{"line":168,"column":29},"end":{"line":168,"column":34}},"loc":{"start":{"line":168,"column":40},"end":{"line":178,"column":3}}},"21":{"name":"(anonymous_21)","decl":{"start":{"line":180,"column":34},"end":{"line":180,"column":39}},"loc":{"start":{"line":180,"column":45},"end":{"line":188,"column":3}}},"22":{"name":"(anonymous_22)","decl":{"start":{"line":190,"column":29},"end":{"line":190,"column":34}},"loc":{"start":{"line":190,"column":40},"end":{"line":201,"column":3}}},"23":{"name":"(anonymous_23)","decl":{"start":{"line":203,"column":29},"end":{"line":203,"column":34}},"loc":{"start":{"line":203,"column":40},"end":{"line":216,"column":3}}},"24":{"name":"(anonymous_24)","decl":{"start":{"line":221,"column":30},"end":{"line":221,"column":35}},"loc":{"start":{"line":221,"column":41},"end":{"line":229,"column":3}}},"25":{"name":"(anonymous_25)","decl":{"start":{"line":231,"column":42},"end":{"line":231,"column":47}},"loc":{"start":{"line":231,"column":53},"end":{"line":244,"column":3}}},"26":{"name":"(anonymous_26)","decl":{"start":{"line":239,"column":22},"end":{"line":239,"column":29}},"loc":{"start":{"line":239,"column":33},"end":{"line":239,"column":57}}},"27":{"name":"(anonymous_27)","decl":{"start":{"line":246,"column":29},"end":{"line":246,"column":34}},"loc":{"start":{"line":246,"column":40},"end":{"line":265,"column":3}}},"28":{"name":"(anonymous_28)","decl":{"start":{"line":270,"column":32},"end":{"line":270,"column":37}},"loc":{"start":{"line":270,"column":43},"end":{"line":283,"column":3}}},"29":{"name":"(anonymous_29)","decl":{"start":{"line":285,"column":30},"end":{"line":285,"column":35}},"loc":{"start":{"line":285,"column":41},"end":{"line":298,"column":3}}},"30":{"name":"(anonymous_30)","decl":{"start":{"line":303,"column":29},"end":{"line":303,"column":34}},"loc":{"start":{"line":303,"column":40},"end":{"line":311,"column":3}}},"31":{"name":"(anonymous_31)","decl":{"start":{"line":313,"column":29},"end":{"line":313,"column":34}},"loc":{"start":{"line":313,"column":40},"end":{"line":323,"column":3}}},"32":{"name":"(anonymous_32)","decl":{"start":{"line":330,"column":17},"end":{"line":330,"column":20}},"loc":{"start":{"line":330,"column":23},"end":{"line":333,"column":1}}}},"branchMap":{"0":{"loc":{"start":{"line":36,"column":23},"end":{"line":36,"column":77}},"type":"cond-expr","locations":[{"start":{"line":36,"column":48},"end":{"line":36,"column":61}},{"start":{"line":36,"column":64},"end":{"line":36,"column":77}}]},"1":{"loc":{"start":{"line":46,"column":8},"end":{"line":48,"column":9}},"type":"if","locations":[{"start":{"line":46,"column":8},"end":{"line":48,"column":9}}]},"2":{"loc":{"start":{"line":51,"column":8},"end":{"line":53,"column":9}},"type":"if","locations":[{"start":{"line":51,"column":8},"end":{"line":53,"column":9}}]},"3":{"loc":{"start":{"line":56,"column":8},"end":{"line":58,"column":9}},"type":"if","locations":[{"start":{"line":56,"column":8},"end":{"line":58,"column":9}}]},"4":{"loc":{"start":{"line":61,"column":8},"end":{"line":63,"column":9}},"type":"if","locations":[{"start":{"line":61,"column":8},"end":{"line":63,"column":9}}]},"5":{"loc":{"start":{"line":66,"column":8},"end":{"line":68,"column":9}},"type":"if","locations":[{"start":{"line":66,"column":8},"end":{"line":68,"column":9}}]},"6":{"loc":{"start":{"line":85,"column":4},"end":{"line":90,"column":5}},"type":"if","locations":[{"start":{"line":85,"column":4},"end":{"line":90,"column":5}}]},"7":{"loc":{"start":{"line":327,"column":15},"end":{"line":327,"column":30}},"type":"cond-expr","locations":[{"start":{"line":327,"column":25},"end":{"line":327,"column":26}},{"start":{"line":327,"column":29},"end":{"line":327,"column":30}}]}},"s":{"0":0,"1":0,"2":0,"3":0,"4":0,"5":0,"6":0,"7":0,"8":0,"9":0,"10":0,"11":0,"12":0,"13":0,"14":0,"15":0,"16":0,"17":0,"18":0,"19":0,"20":0,"21":0,"22":0,"23":0,"24":0,"25":0,"26":0,"27":0,"28":0,"29":0,"30":0,"31":0,"32":0,"33":0,"34":0,"35":0,"36":0,"37":0,"38":0,"39":0,"40":0,"41":0,"42":0,"43":0,"44":0,"45":0,"46":0,"47":0,"48":0,"49":0,"50":0,"51":0,"52":0,"53":0,"54":0,"55":0,"56":0,"57":0,"58":0,"59":0,"60":0,"61":0,"62":0,"63":0,"64":0,"65":0,"66":0,"67":0,"68":0,"69":0,"70":0,"71":0,"72":0,"73":0,"74":0,"75":0,"76":0,"77":0,"78":0,"79":0,"80":0,"81":0,"82":0,"83":0,"84":0,"85":0,"86":0,"87":0,"88":0,"89":0,"90":0,"91":0,"92":0,"93":0,"94":0,"95":0,"96":0,"97":0,"98":0,"99":0,"100":0,"101":0,"102":0,"103":0,"104":0,"105":0,"106":0,"107":0,"108":0,"109":0,"110":0,"111":0,"112":0,"113":0,"114":0,"115":0,"116":0,"117":0,"118":0,"119":0,"120":0,"121":0,"122":0,"123":0,"124":0,"125":0,"126":0,"127":0,"128":0,"129":0,"130":0,"131":0,"132":0,"133":0,"134":0,"135":0,"136":0,"137":0,"138":0,"139":0,"140":0,"141":0,"142":0,"143":0,"144":0,"145":0,"146":0,"147":0,"148":0,"149":0,"150":0,"151":0,"152":0,"153":0,"154":0,"155":0,"156":0,"157":0,"158":0,"159":0,"160":0,"161":0,"162":0,"163":0,"164":0,"165":0,"166":0,"167":0,"168":0,"169":0,"170":0,"171":0,"172":0,"173":0,"174":0,"175":0,"176":0,"177":0,"178":0,"179":0,"180":0,"181":0,"182":0},"f":{"0":0,"1":0,"2":0,"3":0,"4":0,"5":0,"6":0,"7":0,"8":0,"9":0,"10":0,"11":0,"12":0,"13":0,"14":0,"15":0,"16":0,"17":0,"18":0,"19":0,"20":0,"21":0,"22":0,"23":0,"24":0,"25":0,"26":0,"27":0,"28":0,"29":0,"30":0,"31":0,"32":0},"b":{"0":[0,0],"1":[0],"2":[0],"3":[0],"4":[0],"5":[0],"6":[0],"7":[0,0]}}}}
